#
# A fatal error has been detected by the Java Runtime Environment:
#
#  SIGILL (0x4) at pc=0x00007fff2e2bfabc, pid=5115, tid=57095
#
# JRE version: OpenJDK Runtime Environment (13.0.2+8) (build 13.0.2+8)
# Java VM: OpenJDK 64-Bit Server VM (13.0.2+8, mixed mode, sharing, tiered, compressed oops, g1 gc, bsd-amd64)
# Problematic frame:
# C  [AppKit+0x3e5abc]  -[NSOpenGLContext setView:]+0xe5
#
# No core dump will be written. Core dumps have been disabled. To enable core dumping, try "ulimit -c unlimited" before starting Java again
#
# If you would like to submit a bug report, please visit:
#   http://bugreport.java.com/bugreport/crash.jsp
# The crash happened outside the Java Virtual Machine in native code.
# See problematic frame for where to report the bug.
#

---------------  S U M M A R Y ------------

Command Line: HardwareSimulatorMain

Host: MacBookPro16,1 x86_64 2600 MHz, 12 cores, 16G, Darwin 19.6.0
Time: Sat Jul 25 12:42:37 2020 BST elapsed time: 3 seconds (0d 0h 0m 3s)

---------------  T H R E A D  ---------------

Current thread (0x00007fbc1a91a800):  JavaThread "Java2D Queue Flusher" daemon [_thread_in_native, id=57095, stack(0x000070000e495000,0x000070000e595000)]

Stack: [0x000070000e495000,0x000070000e595000],  sp=0x000070000e5947e0,  free space=1021k
Native frames: (J=compiled Java code, A=aot compiled Java code, j=interpreted, Vv=VM code, C=native code)
C  [AppKit+0x3e5abc]  -[NSOpenGLContext setView:]+0xe5
C  [libawt_lwawt.dylib+0x211da]  CGLSD_MakeCurrentToScratch+0x45
C  [libawt_lwawt.dylib+0x212e3]  OGLSD_MakeOGLContextCurrent+0x58
C  [libawt_lwawt.dylib+0x4027e]  OGLContext_SetSurfaces+0x85
C  [libawt_lwawt.dylib+0x43f99]  Java_sun_java2d_opengl_OGLRenderQueue_flushBuffer+0x629
j  sun.java2d.opengl.OGLRenderQueue.flushBuffer(JI)V+0 java.desktop@13.0.2
j  sun.java2d.opengl.OGLRenderQueue.flushBuffer()V+21 java.desktop@13.0.2
j  sun.java2d.opengl.OGLRenderQueue$QueueFlusher.run()V+81 java.desktop@13.0.2
j  java.lang.Thread.run()V+11 java.base@13.0.2
v  ~StubRoutines::call_stub
V  [libjvm.dylib+0x39db4f]  JavaCalls::call_helper(JavaValue*, methodHandle const&, JavaCallArguments*, Thread*)+0x285
V  [libjvm.dylib+0x39cf5c]  JavaCalls::call_virtual(JavaValue*, Klass*, Symbol*, Symbol*, JavaCallArguments*, Thread*)+0xe2
V  [libjvm.dylib+0x39d016]  JavaCalls::call_virtual(JavaValue*, Handle, Klass*, Symbol*, Symbol*, Thread*)+0x62
V  [libjvm.dylib+0x423d4e]  thread_entry(JavaThread*, Thread*)+0x78
V  [libjvm.dylib+0x79d2d2]  JavaThread::thread_main_inner()+0x86
V  [libjvm.dylib+0x79d116]  JavaThread::run()+0x124
V  [libjvm.dylib+0x79af53]  Thread::call_run()+0x71
V  [libjvm.dylib+0x633c9c]  thread_native_entry(Thread*)+0x12f
C  [libsystem_pthread.dylib+0x6109]  _pthread_start+0x94
C  [libsystem_pthread.dylib+0x1b8b]  thread_start+0xf

Java frames: (J=compiled Java code, j=interpreted, Vv=VM code)
j  sun.java2d.opengl.OGLRenderQueue.flushBuffer(JI)V+0 java.desktop@13.0.2
j  sun.java2d.opengl.OGLRenderQueue.flushBuffer()V+21 java.desktop@13.0.2
j  sun.java2d.opengl.OGLRenderQueue$QueueFlusher.run()V+81 java.desktop@13.0.2
j  java.lang.Thread.run()V+11 java.base@13.0.2
v  ~StubRoutines::call_stub

siginfo: si_signo: 4 (SIGILL), si_code: 1 (ILL_ILLOPC), si_addr: 0x00007fff2e2bfabc

Register to memory mapping:

RAX=0x0 is NULL
RBX=0x00007fbc19ded5a0 points into unknown readable memory: a0 aa 2a 1b bc 7f 00 00
RCX=0x0 is NULL
RDX=0x0 is NULL
RSP=0x000070000e5947e0 is pointing into the stack for thread: 0x00007fbc1a91a800
RBP=0x000070000e594830 is pointing into the stack for thread: 0x00007fbc1a91a800
RSI=0x000000001f08000c is an unknown value
RDI=0x0 is NULL
R8 =0x0 is NULL
R9 =0x0 is NULL
R10=0x0 is NULL
R11=0x0 is NULL
R12=0x00007fbc1e8c1038 points into unknown readable memory: 00 00 00 00 00 00 00 00
R13=0x00007fbc21baa350 points into unknown readable memory: ba 36 29 29 01 00 00 00
R14=0x00007fbc1b2aac30 points into unknown readable memory: 87 0a fd 87 ff ff 3d 00
R15=0x00007fbc1b2aaaa0 points into unknown readable memory: 85 d8 fc 87 ff ff 3d 01


Registers:
RAX=0x0000000000000000, RBX=0x00007fbc19ded5a0, RCX=0x0000000000000000, RDX=0x0000000000000000
RSP=0x000070000e5947e0, RBP=0x000070000e594830, RSI=0x000000001f08000c, RDI=0x0000000000000000
R8 =0x0000000000000000, R9 =0x0000000000000000, R10=0x0000000000000000, R11=0x0000000000000000
R12=0x00007fbc1e8c1038, R13=0x00007fbc21baa350, R14=0x00007fbc1b2aac30, R15=0x00007fbc1b2aaaa0
RIP=0x00007fff2e2bfabc, EFLAGS=0x0000000000010202, ERR=0x0000000000000000
  TRAPNO=0x0000000000000006

Top of Stack: (sp=0x000070000e5947e0)
0x000070000e5947e0:   0000000000000000 0000000000000000
0x000070000e5947f0:   0000000000000000 0000000000000000
0x000070000e594800:   0000000044394000 0000000000000000
0x000070000e594810:   ffffffff0000ffff 00007fbc19ded5a0
0x000070000e594820:   00007fbc1a91ab10 00007fbc1a91ab10
0x000070000e594830:   000070000e594860 000000012926e1da
0x000070000e594840:   0000000000000000 00007fbc19ded0d0
0x000070000e594850:   00007fbc19ded5a0 00007fbc1a91ab10
0x000070000e594860:   000070000e5948a0 000000012926e2e3
0x000070000e594870:   0000000000000005 00007fbc1a91ab10
0x000070000e594880:   00007fbc21baa350 0000000127106e88
0x000070000e594890:   00007fbc1e8af818 00007fbc21baa350
0x000070000e5948a0:   000070000e5948e0 000000012928d27e
0x000070000e5948b0:   0000000129290f6a 00007fbc1e8af808
0x000070000e5948c0:   00007fbc21baa350 0000000127106e88
0x000070000e5948d0:   00007fbc1e8af818 00007fbc21baa350
0x000070000e5948e0:   000070000e594930 0000000129290f99
0x000070000e5948f0:   000000000e594910 00007fbc1e8b1360
0x000070000e594900:   00007fbc1a91ab10 0000000127106e88
0x000070000e594910:   0000000000000000 0000000127106e88
0x000070000e594920:   000070000e5949e8 00007fbc1a91a800
0x000070000e594930:   000070000e5949b0 000000010cd8cc90
0x000070000e594940:   00007fbc19d9f110 00007fbc1a91a800
0x000070000e594950:   000070000e594970 00000001033b9afc
0x000070000e594960:   000070000e594bc8 000070000e594968
0x000070000e594970:   0000000000000000 000070000e5949e8
0x000070000e594980:   00000001271080b8 0000000000000000
0x000070000e594990:   000000070e6f7000 0000000127106e88
0x000070000e5949a0:   0000000000000000 000070000e5949d0
0x000070000e5949b0:   000070000e594a38 000000010cd86fb3
0x000070000e5949c0:   0000000000000000 000000010cd89bb8
0x000070000e5949d0:   0000000000001b60 00007fbc1e8af800 

Instructions: (pc=0x00007fff2e2bfabc)
0x00007fff2e2bf9bc:   c3 90 90 90 90 90 90 90 90 55 48 89 e5 48 8b 35
0x00007fff2e2bf9cc:   f0 01 cd 59 5d ff 25 71 bf 9b 59 55 48 89 e5 41
0x00007fff2e2bf9dc:   57 41 56 53 48 83 ec 38 49 89 d6 49 89 ff 8a 05
0x00007fff2e2bf9ec:   a8 1b d4 59 84 c0 0f 84 90 00 00 00 04 fe 84 c0
0x00007fff2e2bf9fc:   75 0d e8 59 03 78 00 85 c0 0f 84 a5 00 00 00 48
0x00007fff2e2bfa0c:   8b 35 6e f0 cb 59 4c 89 ff ff 15 2d bf 9b 59 49
0x00007fff2e2bfa1c:   8d 7f 08 e8 7c 01 78 00 4c 39 f0 74 3e 48 8b 0d
0x00007fff2e2bfa2c:   08 a6 9b 59 48 8d 7d b0 48 89 0f b9 00 00 00 c2
0x00007fff2e2bfa3c:   48 89 4f 08 48 8d 0d 63 31 32 00 48 89 4f 10 48
0x00007fff2e2bfa4c:   8d 0d 4e 40 9c 59 48 89 4f 18 48 89 47 20 4c 89
0x00007fff2e2bfa5c:   7f 28 4c 89 77 30 e8 83 38 cb ff 31 db 48 8b 35
0x00007fff2e2bfa6c:   18 f0 cb 59 4c 89 ff ff 15 cf be 9b 59 84 db 75
0x00007fff2e2bfa7c:   2c 48 83 c4 38 5b 41 5e 41 5f 5d c3 48 8d 3d f9
0x00007fff2e2bfa8c:   ac a1 59 48 8d 15 02 1b d4 59 48 8d 0d d8 39 32
0x00007fff2e2bfa9c:   00 31 f6 e8 80 e9 c1 ff e9 51 ff ff ff e8 c2 00
0x00007fff2e2bfaac:   78 00 0f 0b 48 8d 3d 13 70 7f 00 e8 14 fb 77 00
0x00007fff2e2bfabc:   0f 0b 49 89 c6 eb 13 48 89 c7 e8 75 00 78 00 b3
0x00007fff2e2bfacc:   01 eb 9a 49 89 c6 84 db 74 05 e8 89 00 78 00 4c
0x00007fff2e2bfadc:   89 f7 e8 0f fa 77 00 0f 0b e8 58 01 78 00 55 48
0x00007fff2e2bfaec:   89 e5 41 57 41 56 41 54 53 41 89 f6 48 89 fb 48
0x00007fff2e2bfafc:   83 c7 08 e8 9c 00 78 00 49 89 c7 48 89 df e8 45
0x00007fff2e2bfb0c:   00 00 00 49 89 c4 4c 89 ff 31 f6 e8 88 00 00 00
0x00007fff2e2bfb1c:   49 89 c7 45 0f be f6 4d 85 e4 74 0b 48 89 df 44
0x00007fff2e2bfb2c:   89 f6 e8 42 97 04 00 4d 85 ff 74 13 48 89 df 44
0x00007fff2e2bfb3c:   89 f6 5b 41 5c 41 5e 41 5f 5d e9 e5 48 04 00 5b
0x00007fff2e2bfb4c:   41 5c 41 5e 41 5f 5d c3 55 48 89 e5 41 56 53 48
0x00007fff2e2bfb5c:   89 fb 4c 8d 35 93 67 d3 59 4c 89 f7 e8 01 02 78
0x00007fff2e2bfb6c:   00 48 8b 3d 1c 1a d4 59 48 8b 35 8d c8 cb 59 48
0x00007fff2e2bfb7c:   89 da ff 15 c4 bd 9b 59 48 89 c7 ff 15 cb bd 9b
0x00007fff2e2bfb8c:   59 48 89 c3 4c 89 f7 e8 dc 01 78 00 48 89 df 5b
0x00007fff2e2bfb9c:   41 5e 5d e9 84 ff 77 00 55 48 89 e5 41 57 41 56
0x00007fff2e2bfbac:   53 50 41 89 f7 49 89 fe 48 8d 3d fd 66 d3 59 e8 


Stack slot to memory mapping:
stack at sp + 0 slots: 0x0 is NULL
stack at sp + 1 slots: 0x0 is NULL
stack at sp + 2 slots: 0x0 is NULL
stack at sp + 3 slots: 0x0 is NULL
stack at sp + 4 slots: 0x0000000044394000 is an unknown value
stack at sp + 5 slots: 0x0 is NULL
stack at sp + 6 slots: 0xffffffff0000ffff is an unknown value
stack at sp + 7 slots: 0x00007fbc19ded5a0 points into unknown readable memory: a0 aa 2a 1b bc 7f 00 00


---------------  P R O C E S S  ---------------

Threads class SMR info:
_java_thread_list=0x00007fbc1e508ff0, length=19, elements={
0x00007fbc1a80f800, 0x00007fbc1a808800, 0x00007fbc1c03e800, 0x00007fbc1d0da000,
0x00007fbc1a811000, 0x00007fbc1a815800, 0x00007fbc1a00c000, 0x00007fbc1e81c800,
0x00007fbc1d104000, 0x00007fbc1b934000, 0x00007fbc1a91a800, 0x00007fbc1b96f800,
0x00007fbc1a964800, 0x00007fbc1c059800, 0x00007fbc1ac21800, 0x00007fbc1e8a5800,
0x00007fbc1a362000, 0x00007fbc1b976000, 0x00007fbc2100a000
}

Java Threads: ( => current thread )
  0x00007fbc1a80f800 JavaThread "Reference Handler" daemon [_thread_blocked, id=14851, stack(0x000070000d453000,0x000070000d553000)]
  0x00007fbc1a808800 JavaThread "Finalizer" daemon [_thread_blocked, id=18179, stack(0x000070000d556000,0x000070000d656000)]
  0x00007fbc1c03e800 JavaThread "Signal Dispatcher" daemon [_thread_blocked, id=21763, stack(0x000070000d75f000,0x000070000d85f000)]
  0x00007fbc1d0da000 JavaThread "C2 CompilerThread0" daemon [_thread_blocked, id=22531, stack(0x000070000d862000,0x000070000d962000)]
  0x00007fbc1a811000 JavaThread "C1 CompilerThread0" daemon [_thread_blocked, id=43011, stack(0x000070000d965000,0x000070000da65000)]
  0x00007fbc1a815800 JavaThread "Sweeper thread" daemon [_thread_blocked, id=42243, stack(0x000070000da68000,0x000070000db68000)]
  0x00007fbc1a00c000 JavaThread "Service Thread" daemon [_thread_blocked, id=23299, stack(0x000070000db6b000,0x000070000dc6b000)]
  0x00007fbc1e81c800 JavaThread "Common-Cleaner" daemon [_thread_blocked, id=24067, stack(0x000070000dd71000,0x000070000de71000)]
  0x00007fbc1d104000 JavaThread "AppKit Thread" daemon [_thread_in_native, id=775, stack(0x00007ffeee1b5000,0x00007ffeee9b5000)]
  0x00007fbc1b934000 JavaThread "AWT-Shutdown" [_thread_blocked, id=34315, stack(0x000070000de74000,0x000070000df74000)]
=>0x00007fbc1a91a800 JavaThread "Java2D Queue Flusher" daemon [_thread_in_native, id=57095, stack(0x000070000e495000,0x000070000e595000)]
  0x00007fbc1b96f800 JavaThread "Java2D Disposer" daemon [_thread_blocked, id=68611, stack(0x000070000e598000,0x000070000e698000)]
  0x00007fbc1a964800 JavaThread "Image Fetcher 0" daemon [_thread_blocked, id=64515, stack(0x000070000e69b000,0x000070000e79b000)]
  0x00007fbc1c059800 JavaThread "AWT-EventQueue-0" [_thread_blocked, id=62979, stack(0x000070000e79e000,0x000070000e89e000)]
  0x00007fbc1ac21800 JavaThread "SwingWorker-pool-1-thread-1" daemon [_thread_blocked, id=124971, stack(0x000070000e8a1000,0x000070000e9a1000)]
  0x00007fbc1e8a5800 JavaThread "TimerQueue" daemon [_thread_blocked, id=92675, stack(0x000070000e9a4000,0x000070000eaa4000)]
  0x00007fbc1a362000 JavaThread "SwingWorker-pool-1-thread-2" daemon [_thread_blocked, id=124163, stack(0x000070000eaa7000,0x000070000eba7000)]
  0x00007fbc1b976000 JavaThread "C2 CompilerThread1" daemon [_thread_blocked, id=94215, stack(0x000070000ecad000,0x000070000edad000)]
  0x00007fbc2100a000 JavaThread "DestroyJavaVM" [_thread_blocked, id=10499, stack(0x000070000cd3e000,0x000070000ce3e000)]

Other Threads:
  0x00007fbc1d0d7000 VMThread "VM Thread" [stack: 0x000070000d350000,0x000070000d450000] [id=19203]
  0x00007fbc1a014800 WatcherThread [stack: 0x000070000dc6e000,0x000070000dd6e000] [id=41731]
  0x00007fbc1c03d800 GCTaskThread "GC Thread#0" [stack: 0x000070000ce41000,0x000070000cf41000] [id=12291]
  0x00007fbc1c0cb800 GCTaskThread "GC Thread#1" [stack: 0x000070000ebaa000,0x000070000ecaa000] [id=122887]
  0x00007fbc1c0f8000 GCTaskThread "GC Thread#2" [stack: 0x000070000edb0000,0x000070000eeb0000] [id=123143]
  0x00007fbc1c0f8800 GCTaskThread "GC Thread#3" [stack: 0x000070000eeb3000,0x000070000efb3000] [id=123403]
  0x00007fbc1c0f9800 GCTaskThread "GC Thread#4" [stack: 0x000070000efb6000,0x000070000f0b6000] [id=94475]
  0x00007fbc1c0fa000 GCTaskThread "GC Thread#5" [stack: 0x000070000f0b9000,0x000070000f1b9000] [id=123667]
  0x00007fbc1d018800 ConcurrentGCThread "G1 Main Marker" [stack: 0x000070000cf44000,0x000070000d044000] [id=12547]
  0x00007fbc1d019800 ConcurrentGCThread "G1 Conc#0" [stack: 0x000070000d047000,0x000070000d147000] [id=20739]
  0x00007fbc1d0c2000 ConcurrentGCThread "G1 Refine#0" [stack: 0x000070000d14a000,0x000070000d24a000] [id=13315]
  0x00007fbc1a951000 ConcurrentGCThread "G1 Refine#1" [stack: 0x000070000f1bc000,0x000070000f2bc000] [id=95235]
  0x00007fbc1b814000 ConcurrentGCThread "G1 Young RemSet Sampling" [stack: 0x000070000d24d000,0x000070000d34d000] [id=13827]

Threads with active compile tasks:

VM state:not at safepoint (normal execution)

VM Mutex/Monitor currently owned by a thread: None

Heap address: 0x0000000700000000, size: 4096 MB, Compressed Oops mode: Zero based, Oop shift amount: 3
Narrow klass base: 0x0000000800000000, Narrow klass shift: 3
Compressed class space size: 1073741824 Address: 0x0000000800af5000

Heap:
 garbage-first heap   total 264192K, used 8270K [0x0000000700000000, 0x0000000800000000)
  region size 1024K, 6 young (6144K), 3 survivors (3072K)
 Metaspace       used 14139K, capacity 14400K, committed 14592K, reserved 1062912K
  class space    used 1842K, capacity 1967K, committed 2048K, reserved 1048576K
Heap Regions: E=young(eden), S=young(survivor), O=old, HS=humongous(starts), HC=humongous(continues), CS=collection set, F=free, A=archive, TAMS=top-at-mark-start (previous, next)
|   0|0x0000000700000000, 0x00000007000ffff8, 0x0000000700100000| 99%| O|  |TAMS 0x0000000700000000, 0x0000000700000000| Untracked 
|   1|0x0000000700100000, 0x0000000700200000, 0x0000000700200000|100%| O|  |TAMS 0x0000000700100000, 0x0000000700100000| Untracked 
|   2|0x0000000700200000, 0x0000000700254c00, 0x0000000700300000| 33%| O|  |TAMS 0x0000000700200000, 0x0000000700200000| Untracked 
|   3|0x0000000700300000, 0x0000000700300000, 0x0000000700400000|  0%| F|  |TAMS 0x0000000700300000, 0x0000000700300000| Untracked 
|   4|0x0000000700400000, 0x0000000700400000, 0x0000000700500000|  0%| F|  |TAMS 0x0000000700400000, 0x0000000700400000| Untracked 
|   5|0x0000000700500000, 0x0000000700500000, 0x0000000700600000|  0%| F|  |TAMS 0x0000000700500000, 0x0000000700500000| Untracked 
|   6|0x0000000700600000, 0x0000000700600000, 0x0000000700700000|  0%| F|  |TAMS 0x0000000700600000, 0x0000000700600000| Untracked 
|   7|0x0000000700700000, 0x0000000700700000, 0x0000000700800000|  0%| F|  |TAMS 0x0000000700700000, 0x0000000700700000| Untracked 
|   8|0x0000000700800000, 0x0000000700800000, 0x0000000700900000|  0%| F|  |TAMS 0x0000000700800000, 0x0000000700800000| Untracked 
|   9|0x0000000700900000, 0x0000000700900000, 0x0000000700a00000|  0%| F|  |TAMS 0x0000000700900000, 0x0000000700900000| Untracked 
|  10|0x0000000700a00000, 0x0000000700a00000, 0x0000000700b00000|  0%| F|  |TAMS 0x0000000700a00000, 0x0000000700a00000| Untracked 
|  11|0x0000000700b00000, 0x0000000700b00000, 0x0000000700c00000|  0%| F|  |TAMS 0x0000000700b00000, 0x0000000700b00000| Untracked 
|  12|0x0000000700c00000, 0x0000000700c00000, 0x0000000700d00000|  0%| F|  |TAMS 0x0000000700c00000, 0x0000000700c00000| Untracked 
|  13|0x0000000700d00000, 0x0000000700d00000, 0x0000000700e00000|  0%| F|  |TAMS 0x0000000700d00000, 0x0000000700d00000| Untracked 
|  14|0x0000000700e00000, 0x0000000700e00000, 0x0000000700f00000|  0%| F|  |TAMS 0x0000000700e00000, 0x0000000700e00000| Untracked 
|  15|0x0000000700f00000, 0x0000000700f00000, 0x0000000701000000|  0%| F|  |TAMS 0x0000000700f00000, 0x0000000700f00000| Untracked 
|  16|0x0000000701000000, 0x0000000701000000, 0x0000000701100000|  0%| F|  |TAMS 0x0000000701000000, 0x0000000701000000| Untracked 
|  17|0x0000000701100000, 0x0000000701100000, 0x0000000701200000|  0%| F|  |TAMS 0x0000000701100000, 0x0000000701100000| Untracked 
|  18|0x0000000701200000, 0x0000000701200000, 0x0000000701300000|  0%| F|  |TAMS 0x0000000701200000, 0x0000000701200000| Untracked 
|  19|0x0000000701300000, 0x0000000701300000, 0x0000000701400000|  0%| F|  |TAMS 0x0000000701300000, 0x0000000701300000| Untracked 
|  20|0x0000000701400000, 0x0000000701400000, 0x0000000701500000|  0%| F|  |TAMS 0x0000000701400000, 0x0000000701400000| Untracked 
|  21|0x0000000701500000, 0x0000000701500000, 0x0000000701600000|  0%| F|  |TAMS 0x0000000701500000, 0x0000000701500000| Untracked 
|  22|0x0000000701600000, 0x0000000701600000, 0x0000000701700000|  0%| F|  |TAMS 0x0000000701600000, 0x0000000701600000| Untracked 
|  23|0x0000000701700000, 0x0000000701700000, 0x0000000701800000|  0%| F|  |TAMS 0x0000000701700000, 0x0000000701700000| Untracked 
|  24|0x0000000701800000, 0x0000000701800000, 0x0000000701900000|  0%| F|  |TAMS 0x0000000701800000, 0x0000000701800000| Untracked 
|  25|0x0000000701900000, 0x0000000701900000, 0x0000000701a00000|  0%| F|  |TAMS 0x0000000701900000, 0x0000000701900000| Untracked 
|  26|0x0000000701a00000, 0x0000000701a00000, 0x0000000701b00000|  0%| F|  |TAMS 0x0000000701a00000, 0x0000000701a00000| Untracked 
|  27|0x0000000701b00000, 0x0000000701b00000, 0x0000000701c00000|  0%| F|  |TAMS 0x0000000701b00000, 0x0000000701b00000| Untracked 
|  28|0x0000000701c00000, 0x0000000701c00000, 0x0000000701d00000|  0%| F|  |TAMS 0x0000000701c00000, 0x0000000701c00000| Untracked 
|  29|0x0000000701d00000, 0x0000000701d00000, 0x0000000701e00000|  0%| F|  |TAMS 0x0000000701d00000, 0x0000000701d00000| Untracked 
|  30|0x0000000701e00000, 0x0000000701e00000, 0x0000000701f00000|  0%| F|  |TAMS 0x0000000701e00000, 0x0000000701e00000| Untracked 
|  31|0x0000000701f00000, 0x0000000701f00000, 0x0000000702000000|  0%| F|  |TAMS 0x0000000701f00000, 0x0000000701f00000| Untracked 
|  32|0x0000000702000000, 0x0000000702000000, 0x0000000702100000|  0%| F|  |TAMS 0x0000000702000000, 0x0000000702000000| Untracked 
|  33|0x0000000702100000, 0x0000000702100000, 0x0000000702200000|  0%| F|  |TAMS 0x0000000702100000, 0x0000000702100000| Untracked 
|  34|0x0000000702200000, 0x0000000702200000, 0x0000000702300000|  0%| F|  |TAMS 0x0000000702200000, 0x0000000702200000| Untracked 
|  35|0x0000000702300000, 0x0000000702300000, 0x0000000702400000|  0%| F|  |TAMS 0x0000000702300000, 0x0000000702300000| Untracked 
|  36|0x0000000702400000, 0x0000000702400000, 0x0000000702500000|  0%| F|  |TAMS 0x0000000702400000, 0x0000000702400000| Untracked 
|  37|0x0000000702500000, 0x0000000702500000, 0x0000000702600000|  0%| F|  |TAMS 0x0000000702500000, 0x0000000702500000| Untracked 
|  38|0x0000000702600000, 0x0000000702600000, 0x0000000702700000|  0%| F|  |TAMS 0x0000000702600000, 0x0000000702600000| Untracked 
|  39|0x0000000702700000, 0x0000000702700000, 0x0000000702800000|  0%| F|  |TAMS 0x0000000702700000, 0x0000000702700000| Untracked 
|  40|0x0000000702800000, 0x0000000702800000, 0x0000000702900000|  0%| F|  |TAMS 0x0000000702800000, 0x0000000702800000| Untracked 
|  41|0x0000000702900000, 0x0000000702900000, 0x0000000702a00000|  0%| F|  |TAMS 0x0000000702900000, 0x0000000702900000| Untracked 
|  42|0x0000000702a00000, 0x0000000702a00000, 0x0000000702b00000|  0%| F|  |TAMS 0x0000000702a00000, 0x0000000702a00000| Untracked 
|  43|0x0000000702b00000, 0x0000000702b00000, 0x0000000702c00000|  0%| F|  |TAMS 0x0000000702b00000, 0x0000000702b00000| Untracked 
|  44|0x0000000702c00000, 0x0000000702c00000, 0x0000000702d00000|  0%| F|  |TAMS 0x0000000702c00000, 0x0000000702c00000| Untracked 
|  45|0x0000000702d00000, 0x0000000702d00000, 0x0000000702e00000|  0%| F|  |TAMS 0x0000000702d00000, 0x0000000702d00000| Untracked 
|  46|0x0000000702e00000, 0x0000000702e00000, 0x0000000702f00000|  0%| F|  |TAMS 0x0000000702e00000, 0x0000000702e00000| Untracked 
|  47|0x0000000702f00000, 0x0000000702f00000, 0x0000000703000000|  0%| F|  |TAMS 0x0000000702f00000, 0x0000000702f00000| Untracked 
|  48|0x0000000703000000, 0x0000000703000000, 0x0000000703100000|  0%| F|  |TAMS 0x0000000703000000, 0x0000000703000000| Untracked 
|  49|0x0000000703100000, 0x0000000703100000, 0x0000000703200000|  0%| F|  |TAMS 0x0000000703100000, 0x0000000703100000| Untracked 
|  50|0x0000000703200000, 0x0000000703200000, 0x0000000703300000|  0%| F|  |TAMS 0x0000000703200000, 0x0000000703200000| Untracked 
|  51|0x0000000703300000, 0x0000000703300000, 0x0000000703400000|  0%| F|  |TAMS 0x0000000703300000, 0x0000000703300000| Untracked 
|  52|0x0000000703400000, 0x0000000703400000, 0x0000000703500000|  0%| F|  |TAMS 0x0000000703400000, 0x0000000703400000| Untracked 
|  53|0x0000000703500000, 0x0000000703500000, 0x0000000703600000|  0%| F|  |TAMS 0x0000000703500000, 0x0000000703500000| Untracked 
|  54|0x0000000703600000, 0x0000000703600000, 0x0000000703700000|  0%| F|  |TAMS 0x0000000703600000, 0x0000000703600000| Untracked 
|  55|0x0000000703700000, 0x0000000703700000, 0x0000000703800000|  0%| F|  |TAMS 0x0000000703700000, 0x0000000703700000| Untracked 
|  56|0x0000000703800000, 0x0000000703800000, 0x0000000703900000|  0%| F|  |TAMS 0x0000000703800000, 0x0000000703800000| Untracked 
|  57|0x0000000703900000, 0x0000000703900000, 0x0000000703a00000|  0%| F|  |TAMS 0x0000000703900000, 0x0000000703900000| Untracked 
|  58|0x0000000703a00000, 0x0000000703a00000, 0x0000000703b00000|  0%| F|  |TAMS 0x0000000703a00000, 0x0000000703a00000| Untracked 
|  59|0x0000000703b00000, 0x0000000703b00000, 0x0000000703c00000|  0%| F|  |TAMS 0x0000000703b00000, 0x0000000703b00000| Untracked 
|  60|0x0000000703c00000, 0x0000000703c00000, 0x0000000703d00000|  0%| F|  |TAMS 0x0000000703c00000, 0x0000000703c00000| Untracked 
|  61|0x0000000703d00000, 0x0000000703d00000, 0x0000000703e00000|  0%| F|  |TAMS 0x0000000703d00000, 0x0000000703d00000| Untracked 
|  62|0x0000000703e00000, 0x0000000703e00000, 0x0000000703f00000|  0%| F|  |TAMS 0x0000000703e00000, 0x0000000703e00000| Untracked 
|  63|0x0000000703f00000, 0x0000000703f00000, 0x0000000704000000|  0%| F|  |TAMS 0x0000000703f00000, 0x0000000703f00000| Untracked 
|  64|0x0000000704000000, 0x0000000704000000, 0x0000000704100000|  0%| F|  |TAMS 0x0000000704000000, 0x0000000704000000| Untracked 
|  65|0x0000000704100000, 0x0000000704100000, 0x0000000704200000|  0%| F|  |TAMS 0x0000000704100000, 0x0000000704100000| Untracked 
|  66|0x0000000704200000, 0x0000000704200000, 0x0000000704300000|  0%| F|  |TAMS 0x0000000704200000, 0x0000000704200000| Untracked 
|  67|0x0000000704300000, 0x0000000704300000, 0x0000000704400000|  0%| F|  |TAMS 0x0000000704300000, 0x0000000704300000| Untracked 
|  68|0x0000000704400000, 0x0000000704400000, 0x0000000704500000|  0%| F|  |TAMS 0x0000000704400000, 0x0000000704400000| Untracked 
|  69|0x0000000704500000, 0x0000000704500000, 0x0000000704600000|  0%| F|  |TAMS 0x0000000704500000, 0x0000000704500000| Untracked 
|  70|0x0000000704600000, 0x0000000704600000, 0x0000000704700000|  0%| F|  |TAMS 0x0000000704600000, 0x0000000704600000| Untracked 
|  71|0x0000000704700000, 0x0000000704700000, 0x0000000704800000|  0%| F|  |TAMS 0x0000000704700000, 0x0000000704700000| Untracked 
|  72|0x0000000704800000, 0x0000000704800000, 0x0000000704900000|  0%| F|  |TAMS 0x0000000704800000, 0x0000000704800000| Untracked 
|  73|0x0000000704900000, 0x0000000704900000, 0x0000000704a00000|  0%| F|  |TAMS 0x0000000704900000, 0x0000000704900000| Untracked 
|  74|0x0000000704a00000, 0x0000000704a00000, 0x0000000704b00000|  0%| F|  |TAMS 0x0000000704a00000, 0x0000000704a00000| Untracked 
|  75|0x0000000704b00000, 0x0000000704b00000, 0x0000000704c00000|  0%| F|  |TAMS 0x0000000704b00000, 0x0000000704b00000| Untracked 
|  76|0x0000000704c00000, 0x0000000704c00000, 0x0000000704d00000|  0%| F|  |TAMS 0x0000000704c00000, 0x0000000704c00000| Untracked 
|  77|0x0000000704d00000, 0x0000000704d00000, 0x0000000704e00000|  0%| F|  |TAMS 0x0000000704d00000, 0x0000000704d00000| Untracked 
|  78|0x0000000704e00000, 0x0000000704e00000, 0x0000000704f00000|  0%| F|  |TAMS 0x0000000704e00000, 0x0000000704e00000| Untracked 
|  79|0x0000000704f00000, 0x0000000704f00000, 0x0000000705000000|  0%| F|  |TAMS 0x0000000704f00000, 0x0000000704f00000| Untracked 
|  80|0x0000000705000000, 0x0000000705000000, 0x0000000705100000|  0%| F|  |TAMS 0x0000000705000000, 0x0000000705000000| Untracked 
|  81|0x0000000705100000, 0x0000000705100000, 0x0000000705200000|  0%| F|  |TAMS 0x0000000705100000, 0x0000000705100000| Untracked 
|  82|0x0000000705200000, 0x0000000705200000, 0x0000000705300000|  0%| F|  |TAMS 0x0000000705200000, 0x0000000705200000| Untracked 
|  83|0x0000000705300000, 0x0000000705300000, 0x0000000705400000|  0%| F|  |TAMS 0x0000000705300000, 0x0000000705300000| Untracked 
|  84|0x0000000705400000, 0x0000000705400000, 0x0000000705500000|  0%| F|  |TAMS 0x0000000705400000, 0x0000000705400000| Untracked 
|  85|0x0000000705500000, 0x0000000705500000, 0x0000000705600000|  0%| F|  |TAMS 0x0000000705500000, 0x0000000705500000| Untracked 
|  86|0x0000000705600000, 0x0000000705600000, 0x0000000705700000|  0%| F|  |TAMS 0x0000000705600000, 0x0000000705600000| Untracked 
|  87|0x0000000705700000, 0x0000000705700000, 0x0000000705800000|  0%| F|  |TAMS 0x0000000705700000, 0x0000000705700000| Untracked 
|  88|0x0000000705800000, 0x0000000705800000, 0x0000000705900000|  0%| F|  |TAMS 0x0000000705800000, 0x0000000705800000| Untracked 
|  89|0x0000000705900000, 0x0000000705900000, 0x0000000705a00000|  0%| F|  |TAMS 0x0000000705900000, 0x0000000705900000| Untracked 
|  90|0x0000000705a00000, 0x0000000705a00000, 0x0000000705b00000|  0%| F|  |TAMS 0x0000000705a00000, 0x0000000705a00000| Untracked 
|  91|0x0000000705b00000, 0x0000000705b00000, 0x0000000705c00000|  0%| F|  |TAMS 0x0000000705b00000, 0x0000000705b00000| Untracked 
|  92|0x0000000705c00000, 0x0000000705c00000, 0x0000000705d00000|  0%| F|  |TAMS 0x0000000705c00000, 0x0000000705c00000| Untracked 
|  93|0x0000000705d00000, 0x0000000705d00000, 0x0000000705e00000|  0%| F|  |TAMS 0x0000000705d00000, 0x0000000705d00000| Untracked 
|  94|0x0000000705e00000, 0x0000000705e00000, 0x0000000705f00000|  0%| F|  |TAMS 0x0000000705e00000, 0x0000000705e00000| Untracked 
|  95|0x0000000705f00000, 0x0000000705f00000, 0x0000000706000000|  0%| F|  |TAMS 0x0000000705f00000, 0x0000000705f00000| Untracked 
|  96|0x0000000706000000, 0x0000000706000000, 0x0000000706100000|  0%| F|  |TAMS 0x0000000706000000, 0x0000000706000000| Untracked 
|  97|0x0000000706100000, 0x0000000706100000, 0x0000000706200000|  0%| F|  |TAMS 0x0000000706100000, 0x0000000706100000| Untracked 
|  98|0x0000000706200000, 0x0000000706200000, 0x0000000706300000|  0%| F|  |TAMS 0x0000000706200000, 0x0000000706200000| Untracked 
|  99|0x0000000706300000, 0x0000000706300000, 0x0000000706400000|  0%| F|  |TAMS 0x0000000706300000, 0x0000000706300000| Untracked 
| 100|0x0000000706400000, 0x0000000706400000, 0x0000000706500000|  0%| F|  |TAMS 0x0000000706400000, 0x0000000706400000| Untracked 
| 101|0x0000000706500000, 0x0000000706500000, 0x0000000706600000|  0%| F|  |TAMS 0x0000000706500000, 0x0000000706500000| Untracked 
| 102|0x0000000706600000, 0x0000000706600000, 0x0000000706700000|  0%| F|  |TAMS 0x0000000706600000, 0x0000000706600000| Untracked 
| 103|0x0000000706700000, 0x0000000706700000, 0x0000000706800000|  0%| F|  |TAMS 0x0000000706700000, 0x0000000706700000| Untracked 
| 104|0x0000000706800000, 0x0000000706800000, 0x0000000706900000|  0%| F|  |TAMS 0x0000000706800000, 0x0000000706800000| Untracked 
| 105|0x0000000706900000, 0x0000000706900000, 0x0000000706a00000|  0%| F|  |TAMS 0x0000000706900000, 0x0000000706900000| Untracked 
| 106|0x0000000706a00000, 0x0000000706a00000, 0x0000000706b00000|  0%| F|  |TAMS 0x0000000706a00000, 0x0000000706a00000| Untracked 
| 107|0x0000000706b00000, 0x0000000706b00000, 0x0000000706c00000|  0%| F|  |TAMS 0x0000000706b00000, 0x0000000706b00000| Untracked 
| 108|0x0000000706c00000, 0x0000000706c00000, 0x0000000706d00000|  0%| F|  |TAMS 0x0000000706c00000, 0x0000000706c00000| Untracked 
| 109|0x0000000706d00000, 0x0000000706d00000, 0x0000000706e00000|  0%| F|  |TAMS 0x0000000706d00000, 0x0000000706d00000| Untracked 
| 110|0x0000000706e00000, 0x0000000706e00000, 0x0000000706f00000|  0%| F|  |TAMS 0x0000000706e00000, 0x0000000706e00000| Untracked 
| 111|0x0000000706f00000, 0x0000000706f00000, 0x0000000707000000|  0%| F|  |TAMS 0x0000000706f00000, 0x0000000706f00000| Untracked 
| 112|0x0000000707000000, 0x0000000707000000, 0x0000000707100000|  0%| F|  |TAMS 0x0000000707000000, 0x0000000707000000| Untracked 
| 113|0x0000000707100000, 0x0000000707100000, 0x0000000707200000|  0%| F|  |TAMS 0x0000000707100000, 0x0000000707100000| Untracked 
| 114|0x0000000707200000, 0x0000000707200000, 0x0000000707300000|  0%| F|  |TAMS 0x0000000707200000, 0x0000000707200000| Untracked 
| 115|0x0000000707300000, 0x0000000707300000, 0x0000000707400000|  0%| F|  |TAMS 0x0000000707300000, 0x0000000707300000| Untracked 
| 116|0x0000000707400000, 0x0000000707400000, 0x0000000707500000|  0%| F|  |TAMS 0x0000000707400000, 0x0000000707400000| Untracked 
| 117|0x0000000707500000, 0x0000000707500000, 0x0000000707600000|  0%| F|  |TAMS 0x0000000707500000, 0x0000000707500000| Untracked 
| 118|0x0000000707600000, 0x0000000707600000, 0x0000000707700000|  0%| F|  |TAMS 0x0000000707600000, 0x0000000707600000| Untracked 
| 119|0x0000000707700000, 0x0000000707700000, 0x0000000707800000|  0%| F|  |TAMS 0x0000000707700000, 0x0000000707700000| Untracked 
| 120|0x0000000707800000, 0x0000000707800000, 0x0000000707900000|  0%| F|  |TAMS 0x0000000707800000, 0x0000000707800000| Untracked 
| 121|0x0000000707900000, 0x0000000707900000, 0x0000000707a00000|  0%| F|  |TAMS 0x0000000707900000, 0x0000000707900000| Untracked 
| 122|0x0000000707a00000, 0x0000000707a00000, 0x0000000707b00000|  0%| F|  |TAMS 0x0000000707a00000, 0x0000000707a00000| Untracked 
| 123|0x0000000707b00000, 0x0000000707b00000, 0x0000000707c00000|  0%| F|  |TAMS 0x0000000707b00000, 0x0000000707b00000| Untracked 
| 124|0x0000000707c00000, 0x0000000707c00000, 0x0000000707d00000|  0%| F|  |TAMS 0x0000000707c00000, 0x0000000707c00000| Untracked 
| 125|0x0000000707d00000, 0x0000000707d00000, 0x0000000707e00000|  0%| F|  |TAMS 0x0000000707d00000, 0x0000000707d00000| Untracked 
| 126|0x0000000707e00000, 0x0000000707e00000, 0x0000000707f00000|  0%| F|  |TAMS 0x0000000707e00000, 0x0000000707e00000| Untracked 
| 127|0x0000000707f00000, 0x0000000707f00000, 0x0000000708000000|  0%| F|  |TAMS 0x0000000707f00000, 0x0000000707f00000| Untracked 
| 128|0x0000000708000000, 0x0000000708000000, 0x0000000708100000|  0%| F|  |TAMS 0x0000000708000000, 0x0000000708000000| Untracked 
| 129|0x0000000708100000, 0x0000000708100000, 0x0000000708200000|  0%| F|  |TAMS 0x0000000708100000, 0x0000000708100000| Untracked 
| 130|0x0000000708200000, 0x0000000708200000, 0x0000000708300000|  0%| F|  |TAMS 0x0000000708200000, 0x0000000708200000| Untracked 
| 131|0x0000000708300000, 0x0000000708300000, 0x0000000708400000|  0%| F|  |TAMS 0x0000000708300000, 0x0000000708300000| Untracked 
| 132|0x0000000708400000, 0x0000000708400000, 0x0000000708500000|  0%| F|  |TAMS 0x0000000708400000, 0x0000000708400000| Untracked 
| 133|0x0000000708500000, 0x0000000708500000, 0x0000000708600000|  0%| F|  |TAMS 0x0000000708500000, 0x0000000708500000| Untracked 
| 134|0x0000000708600000, 0x0000000708600000, 0x0000000708700000|  0%| F|  |TAMS 0x0000000708600000, 0x0000000708600000| Untracked 
| 135|0x0000000708700000, 0x0000000708700000, 0x0000000708800000|  0%| F|  |TAMS 0x0000000708700000, 0x0000000708700000| Untracked 
| 136|0x0000000708800000, 0x0000000708800000, 0x0000000708900000|  0%| F|  |TAMS 0x0000000708800000, 0x0000000708800000| Untracked 
| 137|0x0000000708900000, 0x0000000708900000, 0x0000000708a00000|  0%| F|  |TAMS 0x0000000708900000, 0x0000000708900000| Untracked 
| 138|0x0000000708a00000, 0x0000000708a00000, 0x0000000708b00000|  0%| F|  |TAMS 0x0000000708a00000, 0x0000000708a00000| Untracked 
| 139|0x0000000708b00000, 0x0000000708b00000, 0x0000000708c00000|  0%| F|  |TAMS 0x0000000708b00000, 0x0000000708b00000| Untracked 
| 140|0x0000000708c00000, 0x0000000708c00000, 0x0000000708d00000|  0%| F|  |TAMS 0x0000000708c00000, 0x0000000708c00000| Untracked 
| 141|0x0000000708d00000, 0x0000000708d00000, 0x0000000708e00000|  0%| F|  |TAMS 0x0000000708d00000, 0x0000000708d00000| Untracked 
| 142|0x0000000708e00000, 0x0000000708e00000, 0x0000000708f00000|  0%| F|  |TAMS 0x0000000708e00000, 0x0000000708e00000| Untracked 
| 143|0x0000000708f00000, 0x0000000708f00000, 0x0000000709000000|  0%| F|  |TAMS 0x0000000708f00000, 0x0000000708f00000| Untracked 
| 144|0x0000000709000000, 0x0000000709000000, 0x0000000709100000|  0%| F|  |TAMS 0x0000000709000000, 0x0000000709000000| Untracked 
| 145|0x0000000709100000, 0x0000000709100000, 0x0000000709200000|  0%| F|  |TAMS 0x0000000709100000, 0x0000000709100000| Untracked 
| 146|0x0000000709200000, 0x0000000709200000, 0x0000000709300000|  0%| F|  |TAMS 0x0000000709200000, 0x0000000709200000| Untracked 
| 147|0x0000000709300000, 0x0000000709300000, 0x0000000709400000|  0%| F|  |TAMS 0x0000000709300000, 0x0000000709300000| Untracked 
| 148|0x0000000709400000, 0x0000000709400000, 0x0000000709500000|  0%| F|  |TAMS 0x0000000709400000, 0x0000000709400000| Untracked 
| 149|0x0000000709500000, 0x0000000709500000, 0x0000000709600000|  0%| F|  |TAMS 0x0000000709500000, 0x0000000709500000| Untracked 
| 150|0x0000000709600000, 0x0000000709600000, 0x0000000709700000|  0%| F|  |TAMS 0x0000000709600000, 0x0000000709600000| Untracked 
| 151|0x0000000709700000, 0x0000000709700000, 0x0000000709800000|  0%| F|  |TAMS 0x0000000709700000, 0x0000000709700000| Untracked 
| 152|0x0000000709800000, 0x0000000709800000, 0x0000000709900000|  0%| F|  |TAMS 0x0000000709800000, 0x0000000709800000| Untracked 
| 153|0x0000000709900000, 0x0000000709900000, 0x0000000709a00000|  0%| F|  |TAMS 0x0000000709900000, 0x0000000709900000| Untracked 
| 154|0x0000000709a00000, 0x0000000709a00000, 0x0000000709b00000|  0%| F|  |TAMS 0x0000000709a00000, 0x0000000709a00000| Untracked 
| 155|0x0000000709b00000, 0x0000000709b00000, 0x0000000709c00000|  0%| F|  |TAMS 0x0000000709b00000, 0x0000000709b00000| Untracked 
| 156|0x0000000709c00000, 0x0000000709c00000, 0x0000000709d00000|  0%| F|  |TAMS 0x0000000709c00000, 0x0000000709c00000| Untracked 
| 157|0x0000000709d00000, 0x0000000709d00000, 0x0000000709e00000|  0%| F|  |TAMS 0x0000000709d00000, 0x0000000709d00000| Untracked 
| 158|0x0000000709e00000, 0x0000000709e00000, 0x0000000709f00000|  0%| F|  |TAMS 0x0000000709e00000, 0x0000000709e00000| Untracked 
| 159|0x0000000709f00000, 0x0000000709f00000, 0x000000070a000000|  0%| F|  |TAMS 0x0000000709f00000, 0x0000000709f00000| Untracked 
| 160|0x000000070a000000, 0x000000070a000000, 0x000000070a100000|  0%| F|  |TAMS 0x000000070a000000, 0x000000070a000000| Untracked 
| 161|0x000000070a100000, 0x000000070a100000, 0x000000070a200000|  0%| F|  |TAMS 0x000000070a100000, 0x000000070a100000| Untracked 
| 162|0x000000070a200000, 0x000000070a200000, 0x000000070a300000|  0%| F|  |TAMS 0x000000070a200000, 0x000000070a200000| Untracked 
| 163|0x000000070a300000, 0x000000070a300000, 0x000000070a400000|  0%| F|  |TAMS 0x000000070a300000, 0x000000070a300000| Untracked 
| 164|0x000000070a400000, 0x000000070a400000, 0x000000070a500000|  0%| F|  |TAMS 0x000000070a400000, 0x000000070a400000| Untracked 
| 165|0x000000070a500000, 0x000000070a500000, 0x000000070a600000|  0%| F|  |TAMS 0x000000070a500000, 0x000000070a500000| Untracked 
| 166|0x000000070a600000, 0x000000070a600000, 0x000000070a700000|  0%| F|  |TAMS 0x000000070a600000, 0x000000070a600000| Untracked 
| 167|0x000000070a700000, 0x000000070a700000, 0x000000070a800000|  0%| F|  |TAMS 0x000000070a700000, 0x000000070a700000| Untracked 
| 168|0x000000070a800000, 0x000000070a800000, 0x000000070a900000|  0%| F|  |TAMS 0x000000070a800000, 0x000000070a800000| Untracked 
| 169|0x000000070a900000, 0x000000070a900000, 0x000000070aa00000|  0%| F|  |TAMS 0x000000070a900000, 0x000000070a900000| Untracked 
| 170|0x000000070aa00000, 0x000000070aa00000, 0x000000070ab00000|  0%| F|  |TAMS 0x000000070aa00000, 0x000000070aa00000| Untracked 
| 171|0x000000070ab00000, 0x000000070ab00000, 0x000000070ac00000|  0%| F|  |TAMS 0x000000070ab00000, 0x000000070ab00000| Untracked 
| 172|0x000000070ac00000, 0x000000070ac00000, 0x000000070ad00000|  0%| F|  |TAMS 0x000000070ac00000, 0x000000070ac00000| Untracked 
| 173|0x000000070ad00000, 0x000000070ad00000, 0x000000070ae00000|  0%| F|  |TAMS 0x000000070ad00000, 0x000000070ad00000| Untracked 
| 174|0x000000070ae00000, 0x000000070ae00000, 0x000000070af00000|  0%| F|  |TAMS 0x000000070ae00000, 0x000000070ae00000| Untracked 
| 175|0x000000070af00000, 0x000000070af00000, 0x000000070b000000|  0%| F|  |TAMS 0x000000070af00000, 0x000000070af00000| Untracked 
| 176|0x000000070b000000, 0x000000070b000000, 0x000000070b100000|  0%| F|  |TAMS 0x000000070b000000, 0x000000070b000000| Untracked 
| 177|0x000000070b100000, 0x000000070b100000, 0x000000070b200000|  0%| F|  |TAMS 0x000000070b100000, 0x000000070b100000| Untracked 
| 178|0x000000070b200000, 0x000000070b200000, 0x000000070b300000|  0%| F|  |TAMS 0x000000070b200000, 0x000000070b200000| Untracked 
| 179|0x000000070b300000, 0x000000070b300000, 0x000000070b400000|  0%| F|  |TAMS 0x000000070b300000, 0x000000070b300000| Untracked 
| 180|0x000000070b400000, 0x000000070b400000, 0x000000070b500000|  0%| F|  |TAMS 0x000000070b400000, 0x000000070b400000| Untracked 
| 181|0x000000070b500000, 0x000000070b500000, 0x000000070b600000|  0%| F|  |TAMS 0x000000070b500000, 0x000000070b500000| Untracked 
| 182|0x000000070b600000, 0x000000070b600000, 0x000000070b700000|  0%| F|  |TAMS 0x000000070b600000, 0x000000070b600000| Untracked 
| 183|0x000000070b700000, 0x000000070b700000, 0x000000070b800000|  0%| F|  |TAMS 0x000000070b700000, 0x000000070b700000| Untracked 
| 184|0x000000070b800000, 0x000000070b800000, 0x000000070b900000|  0%| F|  |TAMS 0x000000070b800000, 0x000000070b800000| Untracked 
| 185|0x000000070b900000, 0x000000070b900000, 0x000000070ba00000|  0%| F|  |TAMS 0x000000070b900000, 0x000000070b900000| Untracked 
| 186|0x000000070ba00000, 0x000000070ba00000, 0x000000070bb00000|  0%| F|  |TAMS 0x000000070ba00000, 0x000000070ba00000| Untracked 
| 187|0x000000070bb00000, 0x000000070bb00000, 0x000000070bc00000|  0%| F|  |TAMS 0x000000070bb00000, 0x000000070bb00000| Untracked 
| 188|0x000000070bc00000, 0x000000070bc00000, 0x000000070bd00000|  0%| F|  |TAMS 0x000000070bc00000, 0x000000070bc00000| Untracked 
| 189|0x000000070bd00000, 0x000000070bd00000, 0x000000070be00000|  0%| F|  |TAMS 0x000000070bd00000, 0x000000070bd00000| Untracked 
| 190|0x000000070be00000, 0x000000070be00000, 0x000000070bf00000|  0%| F|  |TAMS 0x000000070be00000, 0x000000070be00000| Untracked 
| 191|0x000000070bf00000, 0x000000070bf00000, 0x000000070c000000|  0%| F|  |TAMS 0x000000070bf00000, 0x000000070bf00000| Untracked 
| 192|0x000000070c000000, 0x000000070c000000, 0x000000070c100000|  0%| F|  |TAMS 0x000000070c000000, 0x000000070c000000| Untracked 
| 193|0x000000070c100000, 0x000000070c100000, 0x000000070c200000|  0%| F|  |TAMS 0x000000070c100000, 0x000000070c100000| Untracked 
| 194|0x000000070c200000, 0x000000070c200000, 0x000000070c300000|  0%| F|  |TAMS 0x000000070c200000, 0x000000070c200000| Untracked 
| 195|0x000000070c300000, 0x000000070c300000, 0x000000070c400000|  0%| F|  |TAMS 0x000000070c300000, 0x000000070c300000| Untracked 
| 196|0x000000070c400000, 0x000000070c400000, 0x000000070c500000|  0%| F|  |TAMS 0x000000070c400000, 0x000000070c400000| Untracked 
| 197|0x000000070c500000, 0x000000070c500000, 0x000000070c600000|  0%| F|  |TAMS 0x000000070c500000, 0x000000070c500000| Untracked 
| 198|0x000000070c600000, 0x000000070c600000, 0x000000070c700000|  0%| F|  |TAMS 0x000000070c600000, 0x000000070c600000| Untracked 
| 199|0x000000070c700000, 0x000000070c700000, 0x000000070c800000|  0%| F|  |TAMS 0x000000070c700000, 0x000000070c700000| Untracked 
| 200|0x000000070c800000, 0x000000070c800000, 0x000000070c900000|  0%| F|  |TAMS 0x000000070c800000, 0x000000070c800000| Untracked 
| 201|0x000000070c900000, 0x000000070c900000, 0x000000070ca00000|  0%| F|  |TAMS 0x000000070c900000, 0x000000070c900000| Untracked 
| 202|0x000000070ca00000, 0x000000070ca00000, 0x000000070cb00000|  0%| F|  |TAMS 0x000000070ca00000, 0x000000070ca00000| Untracked 
| 203|0x000000070cb00000, 0x000000070cb00000, 0x000000070cc00000|  0%| F|  |TAMS 0x000000070cb00000, 0x000000070cb00000| Untracked 
| 204|0x000000070cc00000, 0x000000070cc00000, 0x000000070cd00000|  0%| F|  |TAMS 0x000000070cc00000, 0x000000070cc00000| Untracked 
| 205|0x000000070cd00000, 0x000000070cd00000, 0x000000070ce00000|  0%| F|  |TAMS 0x000000070cd00000, 0x000000070cd00000| Untracked 
| 206|0x000000070ce00000, 0x000000070ce00000, 0x000000070cf00000|  0%| F|  |TAMS 0x000000070ce00000, 0x000000070ce00000| Untracked 
| 207|0x000000070cf00000, 0x000000070cf00000, 0x000000070d000000|  0%| F|  |TAMS 0x000000070cf00000, 0x000000070cf00000| Untracked 
| 208|0x000000070d000000, 0x000000070d000000, 0x000000070d100000|  0%| F|  |TAMS 0x000000070d000000, 0x000000070d000000| Untracked 
| 209|0x000000070d100000, 0x000000070d100000, 0x000000070d200000|  0%| F|  |TAMS 0x000000070d100000, 0x000000070d100000| Untracked 
| 210|0x000000070d200000, 0x000000070d200000, 0x000000070d300000|  0%| F|  |TAMS 0x000000070d200000, 0x000000070d200000| Untracked 
| 211|0x000000070d300000, 0x000000070d300000, 0x000000070d400000|  0%| F|  |TAMS 0x000000070d300000, 0x000000070d300000| Untracked 
| 212|0x000000070d400000, 0x000000070d400000, 0x000000070d500000|  0%| F|  |TAMS 0x000000070d400000, 0x000000070d400000| Untracked 
| 213|0x000000070d500000, 0x000000070d500000, 0x000000070d600000|  0%| F|  |TAMS 0x000000070d500000, 0x000000070d500000| Untracked 
| 214|0x000000070d600000, 0x000000070d600000, 0x000000070d700000|  0%| F|  |TAMS 0x000000070d600000, 0x000000070d600000| Untracked 
| 215|0x000000070d700000, 0x000000070d700000, 0x000000070d800000|  0%| F|  |TAMS 0x000000070d700000, 0x000000070d700000| Untracked 
| 216|0x000000070d800000, 0x000000070d800000, 0x000000070d900000|  0%| F|  |TAMS 0x000000070d800000, 0x000000070d800000| Untracked 
| 217|0x000000070d900000, 0x000000070d900000, 0x000000070da00000|  0%| F|  |TAMS 0x000000070d900000, 0x000000070d900000| Untracked 
| 218|0x000000070da00000, 0x000000070da00000, 0x000000070db00000|  0%| F|  |TAMS 0x000000070da00000, 0x000000070da00000| Untracked 
| 219|0x000000070db00000, 0x000000070db00000, 0x000000070dc00000|  0%| F|  |TAMS 0x000000070db00000, 0x000000070db00000| Untracked 
| 220|0x000000070dc00000, 0x000000070dc00000, 0x000000070dd00000|  0%| F|  |TAMS 0x000000070dc00000, 0x000000070dc00000| Untracked 
| 221|0x000000070dd00000, 0x000000070dd00000, 0x000000070de00000|  0%| F|  |TAMS 0x000000070dd00000, 0x000000070dd00000| Untracked 
| 222|0x000000070de00000, 0x000000070de00000, 0x000000070df00000|  0%| F|  |TAMS 0x000000070de00000, 0x000000070de00000| Untracked 
| 223|0x000000070df00000, 0x000000070df00000, 0x000000070e000000|  0%| F|  |TAMS 0x000000070df00000, 0x000000070df00000| Untracked 
| 224|0x000000070e000000, 0x000000070e000000, 0x000000070e100000|  0%| F|  |TAMS 0x000000070e000000, 0x000000070e000000| Untracked 
| 225|0x000000070e100000, 0x000000070e100000, 0x000000070e200000|  0%| F|  |TAMS 0x000000070e100000, 0x000000070e100000| Untracked 
| 226|0x000000070e200000, 0x000000070e200000, 0x000000070e300000|  0%| F|  |TAMS 0x000000070e200000, 0x000000070e200000| Untracked 
| 227|0x000000070e300000, 0x000000070e300000, 0x000000070e400000|  0%| F|  |TAMS 0x000000070e300000, 0x000000070e300000| Untracked 
| 228|0x000000070e400000, 0x000000070e400000, 0x000000070e500000|  0%| F|  |TAMS 0x000000070e400000, 0x000000070e400000| Untracked 
| 229|0x000000070e500000, 0x000000070e600000, 0x000000070e600000|100%| S|CS|TAMS 0x000000070e500000, 0x000000070e500000| Complete 
| 230|0x000000070e600000, 0x000000070e700000, 0x000000070e700000|100%| S|CS|TAMS 0x000000070e600000, 0x000000070e600000| Complete 
| 231|0x000000070e700000, 0x000000070e800000, 0x000000070e800000|100%| S|CS|TAMS 0x000000070e700000, 0x000000070e700000| Complete 
| 232|0x000000070e800000, 0x000000070e800000, 0x000000070e900000|  0%| F|  |TAMS 0x000000070e800000, 0x000000070e800000| Untracked 
| 233|0x000000070e900000, 0x000000070e900000, 0x000000070ea00000|  0%| F|  |TAMS 0x000000070e900000, 0x000000070e900000| Untracked 
| 234|0x000000070ea00000, 0x000000070ea00000, 0x000000070eb00000|  0%| F|  |TAMS 0x000000070ea00000, 0x000000070ea00000| Untracked 
| 235|0x000000070eb00000, 0x000000070eb00000, 0x000000070ec00000|  0%| F|  |TAMS 0x000000070eb00000, 0x000000070eb00000| Untracked 
| 236|0x000000070ec00000, 0x000000070ec00000, 0x000000070ed00000|  0%| F|  |TAMS 0x000000070ec00000, 0x000000070ec00000| Untracked 
| 237|0x000000070ed00000, 0x000000070ed00000, 0x000000070ee00000|  0%| F|  |TAMS 0x000000070ed00000, 0x000000070ed00000| Untracked 
| 238|0x000000070ee00000, 0x000000070ee00000, 0x000000070ef00000|  0%| F|  |TAMS 0x000000070ee00000, 0x000000070ee00000| Untracked 
| 239|0x000000070ef00000, 0x000000070ef00000, 0x000000070f000000|  0%| F|  |TAMS 0x000000070ef00000, 0x000000070ef00000| Untracked 
| 240|0x000000070f000000, 0x000000070f000000, 0x000000070f100000|  0%| F|  |TAMS 0x000000070f000000, 0x000000070f000000| Untracked 
| 241|0x000000070f100000, 0x000000070f100000, 0x000000070f200000|  0%| F|  |TAMS 0x000000070f100000, 0x000000070f100000| Untracked 
| 242|0x000000070f200000, 0x000000070f200000, 0x000000070f300000|  0%| F|  |TAMS 0x000000070f200000, 0x000000070f200000| Untracked 
| 243|0x000000070f300000, 0x000000070f300000, 0x000000070f400000|  0%| F|  |TAMS 0x000000070f300000, 0x000000070f300000| Untracked 
| 244|0x000000070f400000, 0x000000070f400000, 0x000000070f500000|  0%| F|  |TAMS 0x000000070f400000, 0x000000070f400000| Untracked 
| 245|0x000000070f500000, 0x000000070f500000, 0x000000070f600000|  0%| F|  |TAMS 0x000000070f500000, 0x000000070f500000| Untracked 
| 246|0x000000070f600000, 0x000000070f600000, 0x000000070f700000|  0%| F|  |TAMS 0x000000070f600000, 0x000000070f600000| Untracked 
| 247|0x000000070f700000, 0x000000070f700000, 0x000000070f800000|  0%| F|  |TAMS 0x000000070f700000, 0x000000070f700000| Untracked 
| 248|0x000000070f800000, 0x000000070f800000, 0x000000070f900000|  0%| F|  |TAMS 0x000000070f800000, 0x000000070f800000| Untracked 
| 249|0x000000070f900000, 0x000000070f900000, 0x000000070fa00000|  0%| F|  |TAMS 0x000000070f900000, 0x000000070f900000| Untracked 
| 250|0x000000070fa00000, 0x000000070fa00000, 0x000000070fb00000|  0%| F|  |TAMS 0x000000070fa00000, 0x000000070fa00000| Untracked 
| 251|0x000000070fb00000, 0x000000070fb00000, 0x000000070fc00000|  0%| F|  |TAMS 0x000000070fb00000, 0x000000070fb00000| Untracked 
| 252|0x000000070fc00000, 0x000000070fc00000, 0x000000070fd00000|  0%| F|  |TAMS 0x000000070fc00000, 0x000000070fc00000| Untracked 
| 253|0x000000070fd00000, 0x000000070fe00000, 0x000000070fe00000|100%| E|  |TAMS 0x000000070fd00000, 0x000000070fd00000| Complete 
| 254|0x000000070fe00000, 0x000000070ff00000, 0x000000070ff00000|100%| E|CS|TAMS 0x000000070fe00000, 0x000000070fe00000| Complete 
| 255|0x000000070ff00000, 0x0000000710000000, 0x0000000710000000|100%| E|CS|TAMS 0x000000070ff00000, 0x000000070ff00000| Complete 
|3070|0x00000007bfe00000, 0x00000007bfe48000, 0x00000007bff00000| 28%|OA|  |TAMS 0x00000007bfe00000, 0x00000007bfe00000| Untracked 
|3071|0x00000007bff00000, 0x00000007bff77000, 0x00000007c0000000| 46%|CA|  |TAMS 0x00000007bff00000, 0x00000007bff00000| Untracked 

Card table byte_map: [0x000000011bd7d000,0x000000011c57d000] _byte_map_base: 0x000000011857d000

Marking Bits (Prev, Next): (CMBitMap*) 0x00007fbc1d008218, (CMBitMap*) 0x00007fbc1d008258
 Prev Bits: [0x000000011cd7d000, 0x0000000120d7d000)
 Next Bits: [0x0000000120d7d000, 0x0000000124d7d000)

Polling page: 0x00000001012b1000

Metaspace:

Usage:
  Non-class:     12.14 MB capacity,    12.01 MB ( 99%) used,   104.80 KB ( <1%) free+waste,    31.75 KB ( <1%) overhead. 
      Class:      1.92 MB capacity,     1.80 MB ( 94%) used,   105.22 KB (  5%) free+waste,    19.00 KB ( <1%) overhead. 
       Both:     14.06 MB capacity,    13.81 MB ( 98%) used,   210.02 KB (  1%) free+waste,    50.75 KB ( <1%) overhead. 

Virtual space:
  Non-class space:       14.00 MB reserved,      12.25 MB ( 88%) committed 
      Class space:        1.00 GB reserved,       2.00 MB ( <1%) committed 
             Both:        1.01 GB reserved,      14.25 MB (  1%) committed 

Chunk freelists:
   Non-Class:  111.00 KB
       Class:  0 bytes
        Both:  111.00 KB

MaxMetaspaceSize: unlimited
CompressedClassSpaceSize: 1.00 GB

CodeHeap 'non-profiled nmethods': size=120028Kb used=536Kb max_used=536Kb free=119492Kb
 bounds [0x0000000114846000, 0x0000000114ab6000, 0x000000011bd7d000]
CodeHeap 'profiled nmethods': size=120028Kb used=3251Kb max_used=3251Kb free=116776Kb
 bounds [0x000000010d30f000, 0x000000010d63f000, 0x0000000114846000]
CodeHeap 'non-nmethods': size=5704Kb used=1376Kb max_used=1400Kb free=4328Kb
 bounds [0x000000010cd7d000, 0x000000010cfed000, 0x000000010d30f000]
 total_blobs=2674 nmethods=1666 adapters=590
 compilation: enabled
              stopped_count=0, restarted_count=0
 full_count=0

Compilation events (20 events):
Event: 3.979 Thread 0x00007fbc1a811000 nmethod 1715 0x00000001148c6590 code [0x00000001148c6720, 0x00000001148c6850]
Event: 3.979 Thread 0x00007fbc1a811000 1716       1       java.awt.AlphaComposite::getAlpha (5 bytes)
Event: 3.979 Thread 0x00007fbc1a811000 nmethod 1716 0x00000001148c6890 code [0x00000001148c6a20, 0x00000001148c6b50]
Event: 3.979 Thread 0x00007fbc1a811000 1710       3       javax.swing.JTable::getRowSorter (19 bytes)
Event: 3.979 Thread 0x00007fbc1a811000 nmethod 1710 0x000000010d633890 code [0x000000010d633a40, 0x000000010d633c70]
Event: 3.979 Thread 0x00007fbc1a811000 1720       1       javax.swing.JLabel::getVerticalAlignment (5 bytes)
Event: 3.979 Thread 0x00007fbc1a811000 nmethod 1720 0x00000001148c6b90 code [0x00000001148c6d20, 0x00000001148c6e50]
Event: 3.979 Thread 0x00007fbc1a811000 1721       1       javax.swing.JLabel::getVerticalTextPosition (5 bytes)
Event: 3.979 Thread 0x00007fbc1a811000 nmethod 1721 0x00000001148c6e90 code [0x00000001148c7020, 0x00000001148c7150]
Event: 3.979 Thread 0x00007fbc1a811000 1722       1       javax.swing.JLabel::getHorizontalTextPosition (5 bytes)
Event: 3.979 Thread 0x00007fbc1a811000 nmethod 1722 0x00000001148c7190 code [0x00000001148c7320, 0x00000001148c7450]
Event: 3.979 Thread 0x00007fbc1a811000 1723       1       javax.swing.JLabel::getIconTextGap (5 bytes)
Event: 3.979 Thread 0x00007fbc1a811000 nmethod 1723 0x00000001148c7490 code [0x00000001148c7620, 0x00000001148c7750]
Event: 3.979 Thread 0x00007fbc1a811000 1724       1       sun.java2d.pipe.hw.ContextCapabilities::getCaps (5 bytes)
Event: 3.979 Thread 0x00007fbc1a811000 nmethod 1724 0x00000001148c7790 code [0x00000001148c7920, 0x00000001148c7a50]
Event: 3.979 Thread 0x00007fbc1a811000 1725       1       java.awt.geom.AffineTransform::getTranslateY (5 bytes)
Event: 3.979 Thread 0x00007fbc1a811000 nmethod 1725 0x00000001148c7a90 code [0x00000001148c7c20, 0x00000001148c7d50]
Event: 3.979 Thread 0x00007fbc1a811000 1726       3       javax.swing.JComponent::isOpaque (6 bytes)
Event: 3.979 Thread 0x00007fbc1a811000 nmethod 1726 0x000000010d633d90 code [0x000000010d633f40, 0x000000010d634170]
Event: 3.979 Thread 0x00007fbc1a811000 1728       3       sun.java2d.SunGraphics2D::invalidateTransform (226 bytes)

GC Heap History (2 events):
Event: 3.955 GC heap before
{Heap before GC invocations=0 (full 0):
 garbage-first heap   total 264192K, used 25340K [0x0000000700000000, 0x0000000800000000)
  region size 1024K, 24 young (24576K), 0 survivors (0K)
 Metaspace       used 14027K, capacity 14316K, committed 14592K, reserved 1062912K
  class space    used 1836K, capacity 1959K, committed 2048K, reserved 1048576K
}
Event: 3.963 GC heap after
{Heap after GC invocations=1 (full 0):
 garbage-first heap   total 264192K, used 6222K [0x0000000700000000, 0x0000000800000000)
  region size 1024K, 3 young (3072K), 3 survivors (3072K)
 Metaspace       used 14027K, capacity 14316K, committed 14592K, reserved 1062912K
  class space    used 1836K, capacity 1959K, committed 2048K, reserved 1048576K
}

Deoptimization events (20 events):
Event: 3.944 Thread 0x00007fbc1c059800 Uncommon trap: trap_request=0xffffffde fr.pc=0x00000001148ba62c relative=0x000000000000020c
Event: 3.944 Thread 0x00007fbc1c059800 Uncommon trap: reason=class_check action=maybe_recompile pc=0x00000001148ba62c method=java.io.DataInputStream.readByte()B @ 4 c2
Event: 3.944 Thread 0x00007fbc1c059800 DEOPT PACKING pc=0x00000001148ba62c sp=0x000070000e89cd50
Event: 3.944 Thread 0x00007fbc1c059800 DEOPT UNPACKING pc=0x000000010cdc5e25 sp=0x000070000e89cd08 mode 2
Event: 3.944 Thread 0x00007fbc1c059800 Uncommon trap: trap_request=0xffffffde fr.pc=0x00000001148ba62c relative=0x000000000000020c
Event: 3.944 Thread 0x00007fbc1c059800 Uncommon trap: reason=class_check action=maybe_recompile pc=0x00000001148ba62c method=java.io.DataInputStream.readByte()B @ 4 c2
Event: 3.944 Thread 0x00007fbc1c059800 DEOPT PACKING pc=0x00000001148ba62c sp=0x000070000e89ccc0
Event: 3.944 Thread 0x00007fbc1c059800 DEOPT UNPACKING pc=0x000000010cdc5e25 sp=0x000070000e89cc78 mode 2
Event: 3.944 Thread 0x00007fbc1c059800 Uncommon trap: trap_request=0xffffffde fr.pc=0x00000001148ba62c relative=0x000000000000020c
Event: 3.944 Thread 0x00007fbc1c059800 Uncommon trap: reason=class_check action=maybe_recompile pc=0x00000001148ba62c method=java.io.DataInputStream.readByte()B @ 4 c2
Event: 3.944 Thread 0x00007fbc1c059800 DEOPT PACKING pc=0x00000001148ba62c sp=0x000070000e89ccc0
Event: 3.944 Thread 0x00007fbc1c059800 DEOPT UNPACKING pc=0x000000010cdc5e25 sp=0x000070000e89cc78 mode 2
Event: 3.944 Thread 0x00007fbc1c059800 Uncommon trap: trap_request=0xffffffde fr.pc=0x00000001148ba62c relative=0x000000000000020c
Event: 3.944 Thread 0x00007fbc1c059800 Uncommon trap: reason=class_check action=maybe_recompile pc=0x00000001148ba62c method=java.io.DataInputStream.readByte()B @ 4 c2
Event: 3.944 Thread 0x00007fbc1c059800 DEOPT PACKING pc=0x00000001148ba62c sp=0x000070000e89ccc0
Event: 3.944 Thread 0x00007fbc1c059800 DEOPT UNPACKING pc=0x000000010cdc5e25 sp=0x000070000e89cc78 mode 2
Event: 3.963 Thread 0x00007fbc1c059800 Uncommon trap: trap_request=0xffffff45 fr.pc=0x000000011488c45c relative=0x00000000000000dc
Event: 3.963 Thread 0x00007fbc1c059800 Uncommon trap: reason=unstable_if action=reinterpret pc=0x000000011488c45c method=java.lang.ref.SoftReference.get()Ljava/lang/Object; @ 17 c2
Event: 3.963 Thread 0x00007fbc1c059800 DEOPT PACKING pc=0x000000011488c45c sp=0x000070000e89c6f0
Event: 3.963 Thread 0x00007fbc1c059800 DEOPT UNPACKING pc=0x000000010cdc5e25 sp=0x000070000e89c6a8 mode 2

Classes unloaded (0 events):
No events

Classes redefined (0 events):
No events

Internal exceptions (20 events):
Event: 0.606 Thread 0x00007fbc1c009000 Exception <a 'java/lang/NoSuchMethodError'{0x000000070fd63d10}: 'java.lang.Object java.lang.invoke.DirectMethodHandle$Holder.invokeStatic(java.lang.Object, int, java.lang.Object, java.lang.Object, java.lang.Object)'> (0x000000070fd63d10) 
thrown [/private/tmp/openjdk-20200206-75669-1lx9p0o/jdk13u-jdk-13.0.2+8/src/hotspot/share/interpreter/linkResolver.cpp, line 767]
Event: 0.606 Thread 0x00007fbc1c009000 Exception <a 'java/lang/NoSuchMethodError'{0x000000070fd67578}: 'java.lang.Object java.lang.invoke.DirectMethodHandle$Holder.invokeSpecial(java.lang.Object, java.lang.Object, int, java.lang.Object, java.lang.Object, java.lang.Object)'> (0x000000070fd67578) 
thrown [/private/tmp/openjdk-20200206-75669-1lx9p0o/jdk13u-jdk-13.0.2+8/src/hotspot/share/interpreter/linkResolver.cpp, line 767]
Event: 0.613 Thread 0x00007fbc1c009000 Exception <a 'java/lang/ClassNotFoundException'{0x000000070fc22c98}: com/apple/laf/resources/spi/aquaProvider> (0x000000070fc22c98) 
thrown [/private/tmp/openjdk-20200206-75669-1lx9p0o/jdk13u-jdk-13.0.2+8/src/hotspot/share/classfile/systemDictionary.cpp, line 232]
Event: 2.280 Thread 0x00007fbc1c009000 Exception <a 'java/lang/ClassNotFoundException'{0x000000070fc956f8}: com/sun/swing/internal/plaf/basic/resources/spi/basicProvider> (0x000000070fc956f8) 
thrown [/private/tmp/openjdk-20200206-75669-1lx9p0o/jdk13u-jdk-13.0.2+8/src/hotspot/share/classfile/systemDictionary.cpp, line 232]
Event: 3.348 Thread 0x00007fbc1c009000 Exception <a 'java/lang/NoSuchMethodError'{0x000000070fab0500}: 'void java.lang.invoke.DirectMethodHandle$Holder.invokeSpecial(java.lang.Object, java.lang.Object)'> (0x000000070fab0500) 
thrown [/private/tmp/openjdk-20200206-75669-1lx9p0o/jdk13u-jdk-13.0.2+8/src/hotspot/share/interpreter/linkResolver.cpp, line 767]
Event: 3.451 Thread 0x00007fbc1c009000 Exception <a 'java/lang/NullPointerException'{0x000000070f807d70}> (0x000000070f807d70) 
thrown [/private/tmp/openjdk-20200206-75669-1lx9p0o/jdk13u-jdk-13.0.2+8/src/hotspot/share/prims/jni.cpp, line 619]
Event: 3.460 Thread 0x00007fbc1c009000 Exception <a 'java/lang/NoSuchMethodError'{0x000000070f817ea0}: 'void java.lang.invoke.DirectMethodHandle$Holder.invokeStatic(java.lang.Object, java.lang.Object, long)'> (0x000000070f817ea0) 
thrown [/private/tmp/openjdk-20200206-75669-1lx9p0o/jdk13u-jdk-13.0.2+8/src/hotspot/share/interpreter/linkResolver.cpp, line 767]
Event: 3.462 Thread 0x00007fbc1c009000 Exception <a 'java/lang/NoSuchMethodError'{0x000000070f827d70}: 'java.lang.Object java.lang.invoke.DirectMethodHandle$Holder.invokeStatic(java.lang.Object, java.lang.Object, int, int)'> (0x000000070f827d70) 
thrown [/private/tmp/openjdk-20200206-75669-1lx9p0o/jdk13u-jdk-13.0.2+8/src/hotspot/share/interpreter/linkResolver.cpp, line 767]
Event: 3.463 Thread 0x00007fbc1c009000 Exception <a 'java/lang/NoSuchMethodError'{0x000000070f82dd98}: 'java.lang.Object java.lang.invoke.Invokers$Holder.linkToTargetMethod(java.lang.Object, int, int, java.lang.Object)'> (0x000000070f82dd98) 
thrown [/private/tmp/openjdk-20200206-75669-1lx9p0o/jdk13u-jdk-13.0.2+8/src/hotspot/share/interpreter/linkResolver.cpp, line 767]
Event: 3.561 Thread 0x00007fbc1c009000 Exception <a 'java/lang/NoSuchMethodError'{0x000000070efa25b8}: 'java.lang.Object java.lang.invoke.Invokers$Holder.linkToTargetMethod(java.lang.Object, java.lang.Object, int, java.lang.Object, java.lang.Object)'> (0x000000070efa25b8) 
thrown [/private/tmp/openjdk-20200206-75669-1lx9p0o/jdk13u-jdk-13.0.2+8/src/hotspot/share/interpreter/linkResolver.cpp, line 767]
Event: 3.574 Thread 0x00007fbc1c009000 Exception <a 'java/lang/NoSuchMethodError'{0x000000070efa5cf8}: 'void java.lang.invoke.DirectMethodHandle$Holder.invokeStatic(java.lang.Object, int, long)'> (0x000000070efa5cf8) 
thrown [/private/tmp/openjdk-20200206-75669-1lx9p0o/jdk13u-jdk-13.0.2+8/src/hotspot/share/interpreter/linkResolver.cpp, line 767]
Event: 3.575 Thread 0x00007fbc1c059800 Exception <a 'java/lang/NoSuchMethodError'{0x000000070f78dca0}: 'void java.lang.invoke.DirectMethodHandle$Holder.invokeStatic(java.lang.Object, long)'> (0x000000070f78dca0) 
thrown [/private/tmp/openjdk-20200206-75669-1lx9p0o/jdk13u-jdk-13.0.2+8/src/hotspot/share/interpreter/linkResolver.cpp, line 767]
Event: 3.576 Thread 0x00007fbc1c009000 Exception <a 'java/lang/NoSuchMethodError'{0x000000070efbac60}: 'java.lang.Object java.lang.invoke.Invokers$Holder.linkToTargetMethod(int, int, int, int, java.lang.Object)'> (0x000000070efbac60) 
thrown [/private/tmp/openjdk-20200206-75669-1lx9p0o/jdk13u-jdk-13.0.2+8/src/hotspot/share/interpreter/linkResolver.cpp, line 767]
Event: 3.581 Thread 0x00007fbc1d104000 Exception <a 'java/lang/NoSuchMethodError'{0x000000070fdbfee8}: 'void java.lang.invoke.DirectMethodHandle$Holder.invokeSpecial(java.lang.Object, java.lang.Object, long)'> (0x000000070fdbfee8) 
thrown [/private/tmp/openjdk-20200206-75669-1lx9p0o/jdk13u-jdk-13.0.2+8/src/hotspot/share/interpreter/linkResolver.cpp, line 767]
Event: 3.655 Thread 0x00007fbc1c009000 Exception <a 'java/lang/NoSuchMethodError'{0x000000070efda0e8}: 'void java.lang.invoke.DirectMethodHandle$Holder.invokeStatic(java.lang.Object, long, long)'> (0x000000070efda0e8) 
thrown [/private/tmp/openjdk-20200206-75669-1lx9p0o/jdk13u-jdk-13.0.2+8/src/hotspot/share/interpreter/linkResolver.cpp, line 767]
Event: 3.656 Thread 0x00007fbc1c009000 Exception <a 'java/lang/NoSuchMethodError'{0x000000070efe5470}: 'java.lang.Object java.lang.invoke.Invokers$Holder.linkToTargetMethod(java.lang.Object, int, java.lang.Object)'> (0x000000070efe5470) 
thrown [/private/tmp/openjdk-20200206-75669-1lx9p0o/jdk13u-jdk-13.0.2+8/src/hotspot/share/interpreter/linkResolver.cpp, line 767]
Event: 3.683 Thread 0x00007fbc1c009000 Exception <a 'java/io/FileNotFoundException'{0x000000070ee55878}> (0x000000070ee55878) 
thrown [/private/tmp/openjdk-20200206-75669-1lx9p0o/jdk13u-jdk-13.0.2+8/src/hotspot/share/prims/jni.cpp, line 598]
Event: 3.734 Thread 0x00007fbc1c009000 Exception <a 'java/io/FileNotFoundException'{0x000000070ee55f30}> (0x000000070ee55f30) 
thrown [/private/tmp/openjdk-20200206-75669-1lx9p0o/jdk13u-jdk-13.0.2+8/src/hotspot/share/prims/jni.cpp, line 598]
Event: 3.934 Thread 0x00007fbc1c009000 Exception <a 'java/io/FileNotFoundException'{0x000000070ec977d0}> (0x000000070ec977d0) 
thrown [/private/tmp/openjdk-20200206-75669-1lx9p0o/jdk13u-jdk-13.0.2+8/src/hotspot/share/prims/jni.cpp, line 598]
Event: 3.939 Thread 0x00007fbc1c059800 Implicit null exception at 0x00000001148a2704 to 0x00000001148a2c46

Events (20 events):
Event: 3.972 Executing VM operation: RevokeBias
Event: 3.972 Executing VM operation: RevokeBias done
Event: 3.973 Executing VM operation: RevokeBias
Event: 3.973 Executing VM operation: RevokeBias done
Event: 3.973 Executing VM operation: RevokeBias
Event: 3.973 Executing VM operation: RevokeBias done
Event: 3.973 loading class javax/swing/JEditorPane$PageLoader$1
Event: 3.974 loading class javax/swing/JEditorPane$PageLoader$1 done
Event: 3.974 Executing VM operation: RevokeBias
Event: 3.974 Executing VM operation: RevokeBias done
Event: 3.974 Executing VM operation: RevokeBias
Event: 3.974 Executing VM operation: RevokeBias done
Event: 3.974 Executing VM operation: RevokeBias
Event: 3.974 Executing VM operation: RevokeBias done
Event: 3.974 Executing VM operation: RevokeBias
Event: 3.974 Executing VM operation: RevokeBias done
Event: 3.975 Executing VM operation: RevokeBias
Event: 3.975 Executing VM operation: RevokeBias done
Event: 3.975 Executing VM operation: RevokeBias
Event: 3.975 Executing VM operation: RevokeBias done


Dynamic libraries:
0x00007fff6a09d000 	/usr/lib/libz.1.dylib
0x0000000101252000 	/usr/local/Cellar/openjdk/13.0.2+8_2/libexec/openjdk.jdk/Contents/Home/lib/libjli.dylib
0x00007fff2fd85000 	/System/Library/Frameworks/Cocoa.framework/Versions/A/Cocoa
0x00007fff3d57a000 	/System/Library/Frameworks/Security.framework/Versions/A/Security
0x00007fff2ecea000 	/System/Library/Frameworks/ApplicationServices.framework/Versions/A/ApplicationServices
0x00007fff67b61000 	/usr/lib/libSystem.B.dylib
0x00007fff6a95e000 	/usr/lib/system/libcache.dylib
0x00007fff6a964000 	/usr/lib/system/libcommonCrypto.dylib
0x00007fff6a970000 	/usr/lib/system/libcompiler_rt.dylib
0x00007fff6a978000 	/usr/lib/system/libcopyfile.dylib
0x00007fff6a982000 	/usr/lib/system/libcorecrypto.dylib
0x00007fff6ab21000 	/usr/lib/system/libdispatch.dylib
0x00007fff6ab62000 	/usr/lib/system/libdyld.dylib
0x00007fff6ab99000 	/usr/lib/system/libkeymgr.dylib
0x00007fff6aba7000 	/usr/lib/system/liblaunch.dylib
0x00007fff6aba8000 	/usr/lib/system/libmacho.dylib
0x00007fff6abae000 	/usr/lib/system/libquarantine.dylib
0x00007fff6abb1000 	/usr/lib/system/libremovefile.dylib
0x00007fff6abb3000 	/usr/lib/system/libsystem_asl.dylib
0x00007fff6abcb000 	/usr/lib/system/libsystem_blocks.dylib
0x00007fff6abcc000 	/usr/lib/system/libsystem_c.dylib
0x00007fff6ac54000 	/usr/lib/system/libsystem_configuration.dylib
0x00007fff6ac58000 	/usr/lib/system/libsystem_coreservices.dylib
0x00007fff6ac5c000 	/usr/lib/system/libsystem_darwin.dylib
0x00007fff6ac65000 	/usr/lib/system/libsystem_dnssd.dylib
0x00007fff6ac6d000 	/usr/lib/system/libsystem_featureflags.dylib
0x00007fff6ac6f000 	/usr/lib/system/libsystem_info.dylib
0x00007fff6acea000 	/usr/lib/system/libsystem_m.dylib
0x00007fff6ad32000 	/usr/lib/system/libsystem_malloc.dylib
0x00007fff6ad5a000 	/usr/lib/system/libsystem_networkextension.dylib
0x00007fff6ad68000 	/usr/lib/system/libsystem_notify.dylib
0x00007fff6ad86000 	/usr/lib/system/libsystem_sandbox.dylib
0x00007fff6ad8b000 	/usr/lib/system/libsystem_secinit.dylib
0x00007fff6acbd000 	/usr/lib/system/libsystem_kernel.dylib
0x00007fff6ad72000 	/usr/lib/system/libsystem_platform.dylib
0x00007fff6ad7b000 	/usr/lib/system/libsystem_pthread.dylib
0x00007fff6ad8e000 	/usr/lib/system/libsystem_symptoms.dylib
0x00007fff6ad96000 	/usr/lib/system/libsystem_trace.dylib
0x00007fff6adae000 	/usr/lib/system/libunwind.dylib
0x00007fff6adb4000 	/usr/lib/system/libxpc.dylib
0x00007fff699c1000 	/usr/lib/libobjc.A.dylib
0x00007fff67e9a000 	/usr/lib/libc++abi.dylib
0x00007fff67e47000 	/usr/lib/libc++.1.dylib
0x00007fff30c27000 	/System/Library/Frameworks/CoreFoundation.framework/Versions/A/CoreFoundation
0x00007fff332e4000 	/System/Library/Frameworks/Foundation.framework/Versions/C/Foundation
0x00007fff2deda000 	/System/Library/Frameworks/AppKit.framework/Versions/C/AppKit
0x00007fff30709000 	/System/Library/Frameworks/CoreData.framework/Versions/A/CoreData
0x00007fff61b77000 	/System/Library/PrivateFrameworks/UIFoundation.framework/Versions/A/UIFoundation
0x00007fff5cc0b000 	/System/Library/PrivateFrameworks/RemoteViewServices.framework/Versions/A/RemoteViewServices
0x00007fff646d1000 	/System/Library/PrivateFrameworks/XCTTargetBootstrap.framework/Versions/A/XCTTargetBootstrap
0x00007fff30af4000 	/System/Library/Frameworks/CoreDisplay.framework/Versions/A/CoreDisplay
0x00007fff3619e000 	/System/Library/Frameworks/Metal.framework/Versions/A/Metal
0x00007fff4ac0e000 	/System/Library/PrivateFrameworks/DesktopServicesPriv.framework/Versions/A/DesktopServicesPriv
0x00007fff68c9c000 	/usr/lib/liblangid.dylib
0x00007fff49ea3000 	/System/Library/PrivateFrameworks/CoreSVG.framework/Versions/A/CoreSVG
0x00007fff5fd67000 	/System/Library/PrivateFrameworks/SkyLight.framework/Versions/A/SkyLight
0x00007fff310a8000 	/System/Library/Frameworks/CoreGraphics.framework/Versions/A/CoreGraphics
0x00007fff2c8ae000 	/System/Library/Frameworks/Accelerate.framework/Versions/A/Accelerate
0x00007fff69f8e000 	/usr/lib/libxml2.2.dylib
0x00007fff55b96000 	/System/Library/PrivateFrameworks/IconServices.framework/Versions/A/IconServices
0x00007fff33ac3000 	/System/Library/Frameworks/IOSurface.framework/Versions/A/IOSurface
0x00007fff6768b000 	/usr/lib/libDiagnosticMessagesClient.dylib
0x00007fff4aa68000 	/System/Library/PrivateFrameworks/DFRFoundation.framework/Versions/A/DFRFoundation
0x00007fff68a2b000 	/usr/lib/libicucore.A.dylib
0x00007fff2f01c000 	/System/Library/Frameworks/AudioToolbox.framework/Versions/A/AudioToolbox
0x00007fff2f0ff000 	/System/Library/Frameworks/AudioUnit.framework/Versions/A/AudioUnit
0x00007fff67d63000 	/usr/lib/libauto.dylib
0x00007fff4ab0a000 	/System/Library/PrivateFrameworks/DataDetectorsCore.framework/Versions/A/DataDetectorsCore
0x00007fff2f8a6000 	/System/Library/Frameworks/Carbon.framework/Versions/A/Frameworks/HIToolbox.framework/Versions/A/HIToolbox
0x00007fff3c776000 	/System/Library/Frameworks/QuartzCore.framework/Versions/A/QuartzCore
0x00007fff2fbe5000 	/System/Library/Frameworks/Carbon.framework/Versions/A/Frameworks/SpeechRecognition.framework/Versions/A/SpeechRecognition
0x00007fff4a57c000 	/System/Library/PrivateFrameworks/CoreUI.framework/Versions/A/CoreUI
0x00007fff30174000 	/System/Library/Frameworks/CoreAudio.framework/Versions/A/CoreAudio
0x00007fff32fa3000 	/System/Library/Frameworks/DiskArbitration.framework/Versions/A/DiskArbitration
0x00007fff57be6000 	/System/Library/PrivateFrameworks/MultitouchSupport.framework/Versions/A/MultitouchSupport
0x00007fff688f2000 	/usr/lib/libenergytrace.dylib
0x00007fff33a1d000 	/System/Library/Frameworks/IOKit.framework/Versions/A/IOKit
0x00007fff3200f000 	/System/Library/Frameworks/CoreServices.framework/Versions/A/CoreServices
0x00007fff59d9e000 	/System/Library/PrivateFrameworks/PerformanceAnalysis.framework/Versions/A/PerformanceAnalysis
0x00007fff3b7a9000 	/System/Library/Frameworks/OpenGL.framework/Versions/A/OpenGL
0x00007fff2fd93000 	/System/Library/Frameworks/ColorSync.framework/Versions/A/ColorSync
0x00007fff3172b000 	/System/Library/Frameworks/CoreImage.framework/Versions/A/CoreImage
0x00007fff32a82000 	/System/Library/Frameworks/CoreText.framework/Versions/A/CoreText
0x00007fff33b53000 	/System/Library/Frameworks/ImageIO.framework/Versions/A/ImageIO
0x00007fff67ec3000 	/usr/lib/libcompression.dylib
0x00007fff679cf000 	/usr/lib/libMobileGestalt.dylib
0x00007fff618e1000 	/System/Library/PrivateFrameworks/TextureIO.framework/Versions/A/TextureIO
0x00007fff67cc6000 	/usr/lib/libate.dylib
0x00007fff55d9f000 	/System/Library/PrivateFrameworks/InternationalSupport.framework/Versions/A/InternationalSupport
0x00007fff68c9e000 	/usr/lib/liblzma.5.dylib
0x00007fff68919000 	/usr/lib/libfakelink.dylib
0x00007fff67c53000 	/usr/lib/libarchive.2.dylib
0x00007fff3e62b000 	/System/Library/Frameworks/SystemConfiguration.framework/Versions/A/SystemConfiguration
0x00007fff675be000 	/usr/lib/libCRFSuite.dylib
0x00007fff2f496000 	/System/Library/Frameworks/CFNetwork.framework/Versions/A/CFNetwork
0x00007fff67e29000 	/usr/lib/libbsm.0.dylib
0x00007fff6ab9a000 	/usr/lib/system/libkxld.dylib
0x00007fff443e5000 	/System/Library/PrivateFrameworks/AppleFSCompression.framework/Versions/A/AppleFSCompression
0x00007fff681b4000 	/usr/lib/libcoretls.dylib
0x00007fff681cb000 	/usr/lib/libcoretls_cfhelpers.dylib
0x00007fff69a07000 	/usr/lib/libpam.2.dylib
0x00007fff69b3c000 	/usr/lib/libsqlite3.dylib
0x00007fff69f7b000 	/usr/lib/libxar.1.dylib
0x00007fff67e3a000 	/usr/lib/libbz2.1.0.dylib
0x00007fff6893a000 	/usr/lib/libiconv.2.dylib
0x00007fff67eb0000 	/usr/lib/libcharset.1.dylib
0x00007fff694a4000 	/usr/lib/libnetwork.dylib
0x00007fff69a0e000 	/usr/lib/libpcap.A.dylib
0x00007fff67c08000 	/usr/lib/libapple_nghttp2.dylib
0x00007fff323c6000 	/System/Library/Frameworks/CoreServices.framework/Versions/A/Frameworks/FSEvents.framework/Versions/A/FSEvents
0x00007fff32096000 	/System/Library/Frameworks/CoreServices.framework/Versions/A/Frameworks/CarbonCore.framework/Versions/A/CarbonCore
0x00007fff3260a000 	/System/Library/Frameworks/CoreServices.framework/Versions/A/Frameworks/Metadata.framework/Versions/A/Metadata
0x00007fff326a3000 	/System/Library/Frameworks/CoreServices.framework/Versions/A/Frameworks/OSServices.framework/Versions/A/OSServices
0x00007fff326d1000 	/System/Library/Frameworks/CoreServices.framework/Versions/A/Frameworks/SearchKit.framework/Versions/A/SearchKit
0x00007fff32010000 	/System/Library/Frameworks/CoreServices.framework/Versions/A/Frameworks/AE.framework/Versions/A/AE
0x00007fff323cf000 	/System/Library/Frameworks/CoreServices.framework/Versions/A/Frameworks/LaunchServices.framework/Versions/A/LaunchServices
0x00007fff32378000 	/System/Library/Frameworks/CoreServices.framework/Versions/A/Frameworks/DictionaryServices.framework/Versions/A/DictionaryServices
0x00007fff32739000 	/System/Library/Frameworks/CoreServices.framework/Versions/A/Frameworks/SharedFileList.framework/Versions/A/SharedFileList
0x00007fff375c8000 	/System/Library/Frameworks/NetFS.framework/Versions/A/NetFS
0x00007fff58116000 	/System/Library/PrivateFrameworks/NetAuth.framework/Versions/A/NetAuth
0x00007fff64a9e000 	/System/Library/PrivateFrameworks/login.framework/Versions/A/Frameworks/loginsupport.framework/Versions/A/loginsupport
0x00007fff613ac000 	/System/Library/PrivateFrameworks/TCC.framework/Versions/A/TCC
0x00007fff49016000 	/System/Library/PrivateFrameworks/CoreNLP.framework/Versions/A/CoreNLP
0x00007fff57613000 	/System/Library/PrivateFrameworks/MetadataUtilities.framework/Versions/A/MetadataUtilities
0x00007fff68d76000 	/usr/lib/libmecabra.dylib
0x00007fff68cce000 	/usr/lib/libmecab.dylib
0x00007fff6892a000 	/usr/lib/libgermantok.dylib
0x00007fff67bef000 	/usr/lib/libThaiTokenizer.dylib
0x00007fff675f5000 	/usr/lib/libChineseTokenizer.dylib
0x00007fff2c8c6000 	/System/Library/Frameworks/Accelerate.framework/Versions/A/Frameworks/vImage.framework/Versions/A/vImage
0x00007fff2dd30000 	/System/Library/Frameworks/Accelerate.framework/Versions/A/Frameworks/vecLib.framework/Versions/A/vecLib
0x00007fff2dc6d000 	/System/Library/Frameworks/Accelerate.framework/Versions/A/Frameworks/vecLib.framework/Versions/A/libvMisc.dylib
0x00007fff2da95000 	/System/Library/Frameworks/Accelerate.framework/Versions/A/Frameworks/vecLib.framework/Versions/A/libvDSP.dylib
0x00007fff2cf1d000 	/System/Library/Frameworks/Accelerate.framework/Versions/A/Frameworks/vecLib.framework/Versions/A/libBLAS.dylib
0x00007fff2d659000 	/System/Library/Frameworks/Accelerate.framework/Versions/A/Frameworks/vecLib.framework/Versions/A/libLAPACK.dylib
0x00007fff2d9f5000 	/System/Library/Frameworks/Accelerate.framework/Versions/A/Frameworks/vecLib.framework/Versions/A/libLinearAlgebra.dylib
0x00007fff2da82000 	/System/Library/Frameworks/Accelerate.framework/Versions/A/Frameworks/vecLib.framework/Versions/A/libSparseBLAS.dylib
0x00007fff2da0b000 	/System/Library/Frameworks/Accelerate.framework/Versions/A/Frameworks/vecLib.framework/Versions/A/libQuadrature.dylib
0x00007fff2d185000 	/System/Library/Frameworks/Accelerate.framework/Versions/A/Frameworks/vecLib.framework/Versions/A/libBNNS.dylib
0x00007fff2da11000 	/System/Library/Frameworks/Accelerate.framework/Versions/A/Frameworks/vecLib.framework/Versions/A/libSparse.dylib
0x00007fff56187000 	/System/Library/PrivateFrameworks/LanguageModeling.framework/Versions/A/LanguageModeling
0x00007fff489c6000 	/System/Library/PrivateFrameworks/CoreEmoji.framework/Versions/A/CoreEmoji
0x00007fff562a5000 	/System/Library/PrivateFrameworks/LinguisticData.framework/Versions/A/LinguisticData
0x00007fff56256000 	/System/Library/PrivateFrameworks/Lexicon.framework/Versions/A/Lexicon
0x00007fff67eb1000 	/usr/lib/libcmph.dylib
0x00007fff3a1b7000 	/System/Library/Frameworks/OpenDirectory.framework/Versions/A/Frameworks/CFOpenDirectory.framework/Versions/A/CFOpenDirectory
0x00007fff3a1d4000 	/System/Library/Frameworks/OpenDirectory.framework/Versions/A/OpenDirectory
0x00007fff42615000 	/System/Library/PrivateFrameworks/APFS.framework/Versions/A/APFS
0x00007fff3d8c4000 	/System/Library/Frameworks/SecurityFoundation.framework/Versions/A/SecurityFoundation
0x00007fff69f77000 	/usr/lib/libutil.dylib
0x00007fff49efb000 	/System/Library/PrivateFrameworks/CoreServicesStore.framework/Versions/A/CoreServicesStore
0x00007fff3d97b000 	/System/Library/Frameworks/ServiceManagement.framework/Versions/A/ServiceManagement
0x00007fff45bb5000 	/System/Library/PrivateFrameworks/BackgroundTaskManagement.framework/Versions/A/BackgroundTaskManagement
0x00007fff6a074000 	/usr/lib/libxslt.1.dylib
0x00007fff44a58000 	/System/Library/PrivateFrameworks/AppleSystemInfo.framework/Versions/A/AppleSystemInfo
0x00007fff33d6e000 	/System/Library/Frameworks/ImageIO.framework/Versions/A/Resources/libJPEG.dylib
0x00007fff3402c000 	/System/Library/Frameworks/ImageIO.framework/Versions/A/Resources/libTIFF.dylib
0x00007fff3400f000 	/System/Library/Frameworks/ImageIO.framework/Versions/A/Resources/libPng.dylib
0x00007fff33cb0000 	/System/Library/Frameworks/ImageIO.framework/Versions/A/Resources/libGIF.dylib
0x00007fff33cb4000 	/System/Library/Frameworks/ImageIO.framework/Versions/A/Resources/libJP2.dylib
0x00007fff3402a000 	/System/Library/Frameworks/ImageIO.framework/Versions/A/Resources/libRadiance.dylib
0x00007fff688f3000 	/usr/lib/libexpat.1.dylib
0x00007fff44540000 	/System/Library/PrivateFrameworks/AppleJPEG.framework/Versions/A/AppleJPEG
0x00007fff4d1fb000 	/System/Library/PrivateFrameworks/FontServices.framework/libFontParser.dylib
0x00007fff63aa0000 	/System/Library/PrivateFrameworks/WatchdogClient.framework/Versions/A/WatchdogClient
0x00007fff557e2000 	/System/Library/PrivateFrameworks/IOAccelerator.framework/Versions/A/IOAccelerator
0x00007fff36539000 	/System/Library/Frameworks/MetalPerformanceShaders.framework/Versions/A/MetalPerformanceShaders
0x00007fff51f78000 	/System/Library/PrivateFrameworks/GPUWrangler.framework/Versions/A/GPUWrangler
0x00007fff557f7000 	/System/Library/PrivateFrameworks/IOPresentment.framework/Versions/A/IOPresentment
0x00007fff4aa7b000 	/System/Library/PrivateFrameworks/DSExternalDisplay.framework/Versions/A/DSExternalDisplay
0x00007fff3ab48000 	/System/Library/Frameworks/OpenGL.framework/Versions/A/Libraries/libCoreFSCache.dylib
0x00007fff36285000 	/System/Library/Frameworks/MetalPerformanceShaders.framework/Frameworks/MPSCore.framework/Versions/A/MPSCore
0x00007fff362c3000 	/System/Library/Frameworks/MetalPerformanceShaders.framework/Frameworks/MPSImage.framework/Versions/A/MPSImage
0x00007fff3638a000 	/System/Library/Frameworks/MetalPerformanceShaders.framework/Frameworks/MPSNeuralNetwork.framework/Versions/A/MPSNeuralNetwork
0x00007fff3634e000 	/System/Library/Frameworks/MetalPerformanceShaders.framework/Frameworks/MPSMatrix.framework/Versions/A/MPSMatrix
0x00007fff364e9000 	/System/Library/Frameworks/MetalPerformanceShaders.framework/Frameworks/MPSRayIntersector.framework/Versions/A/MPSRayIntersector
0x00007fff36374000 	/System/Library/Frameworks/MetalPerformanceShaders.framework/Frameworks/MPSNDArray.framework/Versions/A/MPSNDArray
0x00007fff57660000 	/System/Library/PrivateFrameworks/MetalTools.framework/Versions/A/MetalTools
0x00007fff437ef000 	/System/Library/PrivateFrameworks/AggregateDictionary.framework/Versions/A/AggregateDictionary
0x00007fff4840e000 	/System/Library/PrivateFrameworks/CoreAnalytics.framework/Versions/A/CoreAnalytics
0x00007fff44977000 	/System/Library/PrivateFrameworks/AppleSauce.framework/Versions/A/AppleSauce
0x00007fff678b1000 	/usr/lib/libIOReport.dylib
0x00007fff32c3a000 	/System/Library/Frameworks/CoreVideo.framework/Versions/A/CoreVideo
0x00007fff533f1000 	/System/Library/PrivateFrameworks/GraphVisualizer.framework/Versions/A/GraphVisualizer
0x00007fff4c741000 	/System/Library/PrivateFrameworks/FaceCore.framework/Versions/A/FaceCore
0x00007fff3a15e000 	/System/Library/Frameworks/OpenCL.framework/Versions/A/OpenCL
0x00007fff676d3000 	/usr/lib/libFosl_dynamic.dylib
0x00007fff58b36000 	/System/Library/PrivateFrameworks/OTSVG.framework/Versions/A/OTSVG
0x00007fff2edef000 	/System/Library/Frameworks/ApplicationServices.framework/Versions/A/Frameworks/ATS.framework/Versions/A/Resources/libFontRegistry.dylib
0x00007fff4d3cc000 	/System/Library/PrivateFrameworks/FontServices.framework/libhvf.dylib
0x00007fff3ab53000 	/System/Library/Frameworks/OpenGL.framework/Versions/A/Libraries/libGFXShared.dylib
0x00007fff3ad31000 	/System/Library/Frameworks/OpenGL.framework/Versions/A/Libraries/libGLU.dylib
0x00007fff3ab5c000 	/System/Library/Frameworks/OpenGL.framework/Versions/A/Libraries/libGL.dylib
0x00007fff3ab67000 	/System/Library/Frameworks/OpenGL.framework/Versions/A/Libraries/libGLImage.dylib
0x00007fff3ab45000 	/System/Library/Frameworks/OpenGL.framework/Versions/A/Libraries/libCVMSPluginSupport.dylib
0x00007fff3ab4e000 	/System/Library/Frameworks/OpenGL.framework/Versions/A/Libraries/libCoreVMClient.dylib
0x00007fff69345000 	/usr/lib/libncurses.5.4.dylib
0x00007fff2eceb000 	/System/Library/Frameworks/ApplicationServices.framework/Versions/A/Frameworks/ATS.framework/Versions/A/ATS
0x00007fff2eeb8000 	/System/Library/Frameworks/ApplicationServices.framework/Versions/A/Frameworks/ColorSyncLegacy.framework/Versions/A/ColorSyncLegacy
0x00007fff2ef56000 	/System/Library/Frameworks/ApplicationServices.framework/Versions/A/Frameworks/HIServices.framework/Versions/A/HIServices
0x00007fff2efae000 	/System/Library/Frameworks/ApplicationServices.framework/Versions/A/Frameworks/LangAnalysis.framework/Versions/A/LangAnalysis
0x00007fff2efbd000 	/System/Library/Frameworks/ApplicationServices.framework/Versions/A/Frameworks/PrintCore.framework/Versions/A/PrintCore
0x00007fff2f003000 	/System/Library/Frameworks/ApplicationServices.framework/Versions/A/Frameworks/QD.framework/Versions/A/QD
0x00007fff2f00e000 	/System/Library/Frameworks/ApplicationServices.framework/Versions/A/Frameworks/SpeechSynthesis.framework/Versions/A/SpeechSynthesis
0x00007fff2ee88000 	/System/Library/Frameworks/ApplicationServices.framework/Versions/A/Frameworks/ATSUI.framework/Versions/A/ATSUI
0x00007fff68789000 	/usr/lib/libcups.2.dylib
0x00007fff355d4000 	/System/Library/Frameworks/Kerberos.framework/Versions/A/Kerberos
0x00007fff33716000 	/System/Library/Frameworks/GSS.framework/Versions/A/GSS
0x00007fff69ac8000 	/usr/lib/libresolv.9.dylib
0x00007fff5359e000 	/System/Library/PrivateFrameworks/Heimdal.framework/Versions/A/Heimdal
0x00007fff355e7000 	/System/Library/Frameworks/Kerberos.framework/Versions/A/Libraries/libHeimdalProxy.dylib
0x00007fff68930000 	/usr/lib/libheimdal-asn1.dylib
0x00007fff478a6000 	/System/Library/PrivateFrameworks/CommonAuth.framework/Versions/A/CommonAuth
0x00007fff44af5000 	/System/Library/PrivateFrameworks/AssertionServices.framework/Versions/A/AssertionServices
0x00007fff45698000 	/System/Library/PrivateFrameworks/AudioToolboxCore.framework/Versions/A/AudioToolboxCore
0x00007fff6474e000 	/System/Library/PrivateFrameworks/caulk.framework/Versions/A/caulk
0x00007fff45c61000 	/System/Library/PrivateFrameworks/BaseBoard.framework/Versions/A/BaseBoard
0x00007fff5cd99000 	/System/Library/PrivateFrameworks/RunningBoardServices.framework/Versions/A/RunningBoardServices
0x00007fff59daa000 	/System/Library/PrivateFrameworks/PersistentConnection.framework/Versions/A/PersistentConnection
0x00007fff5c792000 	/System/Library/PrivateFrameworks/ProtocolBuffer.framework/Versions/A/ProtocolBuffer
0x00007fff478ca000 	/System/Library/PrivateFrameworks/CommonUtilities.framework/Versions/A/CommonUtilities
0x00007fff45def000 	/System/Library/PrivateFrameworks/Bom.framework/Versions/A/Bom
0x00007fff67584000 	/usr/lib/libAudioToolboxUtility.dylib
0x00007fff45bbf000 	/System/Library/PrivateFrameworks/Backup.framework/Versions/A/Backup
0x00007fff4a99c000 	/System/Library/PrivateFrameworks/CrashReporterSupport.framework/Versions/A/CrashReporterSupport
0x00007fff5e82b000 	/System/Library/PrivateFrameworks/Sharing.framework/Versions/A/Sharing
0x00007fff44103000 	/System/Library/PrivateFrameworks/Apple80211.framework/Versions/A/Apple80211
0x00007fff458dc000 	/System/Library/PrivateFrameworks/AuthKit.framework/Versions/A/AuthKit
0x00007fff4a6a9000 	/System/Library/PrivateFrameworks/CoreUtils.framework/Versions/A/CoreUtils
0x00007fff32c7f000 	/System/Library/Frameworks/CoreWLAN.framework/Versions/A/CoreWLAN
0x00007fff338a3000 	/System/Library/Frameworks/IOBluetooth.framework/Versions/A/IOBluetooth
0x00007fff57965000 	/System/Library/PrivateFrameworks/MobileKeyBag.framework/Versions/A/MobileKeyBag
0x00007fff494ae000 	/System/Library/PrivateFrameworks/CorePhoneNumbers.framework/Versions/A/CorePhoneNumbers
0x00007fff444f3000 	/System/Library/PrivateFrameworks/AppleIDAuthSupport.framework/Versions/A/AppleIDAuthSupport
0x00007fff375d5000 	/System/Library/Frameworks/Network.framework/Versions/A/Network
0x00007fff56033000 	/System/Library/PrivateFrameworks/KeychainCircle.framework/Versions/A/KeychainCircle
0x00007fff306d0000 	/System/Library/Frameworks/CoreBluetooth.framework/Versions/A/CoreBluetooth
0x00007fff608aa000 	/System/Library/PrivateFrameworks/SpeechRecognitionCore.framework/Versions/A/SpeechRecognitionCore
0x0000000102c00000 	/usr/local/Cellar/openjdk/13.0.2+8_2/libexec/openjdk.jdk/Contents/Home/lib/server/libjvm.dylib
0x000000010127d000 	/usr/local/Cellar/openjdk/13.0.2+8_2/libexec/openjdk.jdk/Contents/Home/lib/libverify.dylib
0x000000010128a000 	/usr/local/Cellar/openjdk/13.0.2+8_2/libexec/openjdk.jdk/Contents/Home/lib/libjava.dylib
0x00000001012fb000 	/usr/local/Cellar/openjdk/13.0.2+8_2/libexec/openjdk.jdk/Contents/Home/lib/libzip.dylib
0x0000000101304000 	/usr/local/Cellar/openjdk/13.0.2+8_2/libexec/openjdk.jdk/Contents/Home/lib/libjimage.dylib
0x0000000101327000 	/usr/local/Cellar/openjdk/13.0.2+8_2/libexec/openjdk.jdk/Contents/Home/lib/libnio.dylib
0x0000000101337000 	/usr/local/Cellar/openjdk/13.0.2+8_2/libexec/openjdk.jdk/Contents/Home/lib/libnet.dylib
0x000000010134c000 	/usr/local/Cellar/openjdk/13.0.2+8_2/libexec/openjdk.jdk/Contents/Home/lib/libawt.dylib
0x00000001291ea000 	/usr/local/Cellar/openjdk/13.0.2+8_2/libexec/openjdk.jdk/Contents/Home/lib/libmlib_image.dylib
0x00007fff355be000 	/System/Library/Frameworks/JavaVM.framework/Versions/A/Frameworks/JavaNativeFoundation.framework/Versions/A/JavaNativeFoundation
0x00007fff355c7000 	/System/Library/Frameworks/JavaVM.framework/Versions/A/Frameworks/JavaRuntimeSupport.framework/Versions/A/JavaRuntimeSupport
0x00007fff355cf000 	/System/Library/Frameworks/JavaVM.framework/Versions/A/JavaVM
0x00007fff55e4a000 	/System/Library/PrivateFrameworks/JavaLaunching.framework/Versions/A/JavaLaunching
0x00007fff2f8a1000 	/System/Library/Frameworks/Carbon.framework/Versions/A/Carbon
0x00007fff4a44e000 	/System/Library/PrivateFrameworks/CoreSymbolication.framework/Versions/A/CoreSymbolication
0x00007fff2f8a2000 	/System/Library/Frameworks/Carbon.framework/Versions/A/Frameworks/CommonPanels.framework/Versions/A/CommonPanels
0x00007fff2fb9b000 	/System/Library/Frameworks/Carbon.framework/Versions/A/Frameworks/Help.framework/Versions/A/Help
0x00007fff2fb9f000 	/System/Library/Frameworks/Carbon.framework/Versions/A/Frameworks/ImageCapture.framework/Versions/A/ImageCapture
0x00007fff2fba6000 	/System/Library/Frameworks/Carbon.framework/Versions/A/Frameworks/OpenScripting.framework/Versions/A/OpenScripting
0x00007fff2fba5000 	/System/Library/Frameworks/Carbon.framework/Versions/A/Frameworks/Ink.framework/Versions/A/Ink
0x00007fff2fbe1000 	/System/Library/Frameworks/Carbon.framework/Versions/A/Frameworks/Print.framework/Versions/A/Print
0x00007fff2fbe2000 	/System/Library/Frameworks/Carbon.framework/Versions/A/Frameworks/SecurityHI.framework/Versions/A/SecurityHI
0x00007fff4abd0000 	/System/Library/PrivateFrameworks/DebugSymbols.framework/Versions/A/DebugSymbols
0x000000012924d000 	/usr/local/Cellar/openjdk/13.0.2+8_2/libexec/openjdk.jdk/Contents/Home/lib/libawt_lwawt.dylib
0x000000010cc1a000 	/usr/local/Cellar/openjdk/13.0.2+8_2/libexec/openjdk.jdk/Contents/Home/lib/libosxapp.dylib
0x00007fff3317f000 	/System/Library/Frameworks/ExceptionHandling.framework/Versions/A/ExceptionHandling
0x00000001292f3000 	/usr/local/Cellar/openjdk/13.0.2+8_2/libexec/openjdk.jdk/Contents/Home/lib/libfontmanager.dylib
0x00000001293f1000 	/usr/local/Cellar/openjdk/13.0.2+8_2/libexec/openjdk.jdk/Contents/Home/lib/libfreetype.dylib
0x00007fff49ec7000 	/System/Library/PrivateFrameworks/CoreServicesInternal.framework/Versions/A/CoreServicesInternal
0x00007fff3319e000 	/System/Library/Frameworks/FileProvider.framework/Versions/A/FileProvider
0x00007fff2dd31000 	/System/Library/Frameworks/Accounts.framework/Versions/A/Accounts
0x00007fff5229d000 	/System/Library/PrivateFrameworks/GenerationalStorage.framework/Versions/A/GenerationalStorage
0x00007fff610ec000 	/System/Library/PrivateFrameworks/SymptomDiagnosticReporter.framework/Versions/A/SymptomDiagnosticReporter
0x00007fff43c07000 	/System/Library/PrivateFrameworks/AppContainer.framework/Versions/A/AppContainer
0x00007fff69ae2000 	/usr/lib/libsandbox.1.dylib
0x00007fff62a44000 	/System/Library/PrivateFrameworks/UserManagement.framework/Versions/A/UserManagement
0x00007fff469ab000 	/System/Library/PrivateFrameworks/ChunkingLibrary.framework/Versions/A/ChunkingLibrary
0x00007fff43c79000 	/System/Library/PrivateFrameworks/AppSandbox.framework/Versions/A/AppSandbox
0x00007fff5e6b5000 	/System/Library/PrivateFrameworks/SecCodeWrapper.framework/Versions/A/SecCodeWrapper
0x00007fff67999000 	/usr/lib/libMatch.1.dylib
0x00007fff23d19000 	/System/Library/CoreServices/RawCamera.bundle/Contents/MacOS/RawCamera
0x00007fff5778f000 	/System/Library/PrivateFrameworks/MobileAsset.framework/Versions/A/MobileAsset
0x00007fff60f94000 	/System/Library/PrivateFrameworks/StreamingZip.framework/Versions/A/StreamingZip
0x00007fff35a4f000 	/System/Library/Frameworks/MediaToolbox.framework/Versions/A/MediaToolbox
0x00007fff483be000 	/System/Library/PrivateFrameworks/CoreAVCHD.framework/Versions/A/CoreAVCHD
0x00007fff35979000 	/System/Library/Frameworks/MediaAccessibility.framework/Versions/A/MediaAccessibility
0x00007fff56b43000 	/System/Library/PrivateFrameworks/Mangrove.framework/Versions/A/Mangrove
0x00007fff31e47000 	/System/Library/Frameworks/CoreMedia.framework/Versions/A/CoreMedia
0x00007fff56daf000 	/System/Library/PrivateFrameworks/MediaExperience.framework/Versions/A/MediaExperience
0x00007fff3e925000 	/System/Library/Frameworks/VideoToolbox.framework/Versions/A/VideoToolbox
0x00007fff47fe8000 	/System/Library/PrivateFrameworks/CoreAUC.framework/Versions/A/CoreAUC
0x00007fff69b3a000 	/usr/lib/libspindump.dylib
0x00007fff45047000 	/System/Library/PrivateFrameworks/AudioResourceArbitration.framework/Versions/A/AudioResourceArbitration
0x00007fff44a5c000 	/System/Library/PrivateFrameworks/AppleVA.framework/Versions/A/AppleVA
0x00007fff2c8af000 	/System/Library/Frameworks/Accelerate.framework/Versions/A/Frameworks/vImage.framework/Versions/A/Libraries/libCGInterfaces.dylib
0x000000012aaab000 	/usr/lib/libobjc-trampolines.dylib
0x00007fff4d333000 	/System/Library/PrivateFrameworks/FontServices.framework/libTrueTypeScaler.dylib
0x00007fff243da000 	/System/Library/Extensions/AMDRadeonX6000MTLDriver.bundle/Contents/MacOS/AMDRadeonX6000MTLDriver
0x00007fff557d8000 	/System/Library/PrivateFrameworks/IOAccelMemoryInfo.framework/Versions/A/IOAccelMemoryInfo
0x00007fff29627000 	/System/Library/Extensions/AppleIntelKBLGraphicsMTLDriver.bundle/Contents/MacOS/AppleIntelKBLGraphicsMTLDriver
0x00007fff508bd000 	/System/Library/PrivateFrameworks/GPUCompiler.framework/Versions/3902/Libraries/libmetal_timestamp.dylib
0x00007fff63810000 	/System/Library/PrivateFrameworks/ViewBridge.framework/Versions/A/ViewBridge
0x00007fff64aa1000 	/System/Library/PrivateFrameworks/login.framework/Versions/A/login
0x000000012b2d4000 	/usr/local/Cellar/openjdk/13.0.2+8_2/libexec/openjdk.jdk/Contents/Home/lib/libosxui.dylib
0x00007fff3b7b9000 	/System/Library/Frameworks/OpenGL.framework/Versions/A/Resources/GLEngine.bundle/GLEngine
0x00007fff3ab9c000 	/System/Library/Frameworks/OpenGL.framework/Versions/A/Libraries/libGLProgrammability.dylib
0x00007fff2861f000 	/System/Library/Extensions/AppleIntelKBLGraphicsGLDriver.bundle/Contents/MacOS/AppleIntelKBLGraphicsGLDriver
0x00007fff51f6c000 	/System/Library/PrivateFrameworks/GPUSupport.framework/Versions/A/Libraries/libGPUSupportMercury.dylib
0x000000012bc3f000 	/System/Library/Extensions/AMDRadeonX6000GLDriver.bundle/Contents/MacOS/AMDRadeonX6000GLDriver
0x00007fff243a3000 	/System/Library/Extensions/AMDRadeonX6000GLDriver.bundle/Contents/MacOS/ATIRadeonX6000SCLib.dylib
0x00007fff255a8000 	/System/Library/Extensions/AMDShared.bundle/Contents/PlugIns/libSC.dylib
0x00007fff3b933000 	/System/Library/Frameworks/OpenGL.framework/Versions/A/Resources/GLRendererFloat.bundle/GLRendererFloat
0x00007fff3a155000 	/System/Library/Frameworks/OpenCL.framework/Versions/A/Libraries/libcldcpuengine.dylib
0x00007fff46b55000 	/System/Library/PrivateFrameworks/CloudDocs.framework/Versions/A/CloudDocs
0x00007fff6097a000 	/System/Library/PrivateFrameworks/SpotlightIndex.framework/Versions/A/SpotlightIndex
0x00007fff5b8a8000 	/System/Library/PrivateFrameworks/PowerLog.framework/Versions/A/PowerLog


VM Arguments:
java_command: HardwareSimulatorMain
java_class_path (initial): :bin/classes:BuiltIn:bin/lib/Hack.jar:bin/lib/HackGUI.jar:bin/lib/Simulators.jar:bin/lib/SimulatorsGUI.jar:bin/lib/Compilers.jar
Launcher Type: SUN_STANDARD

[Global flags]
     intx CICompilerCount                          = 4                                         {product} {ergonomic}
     uint ConcGCThreads                            = 3                                         {product} {ergonomic}
     uint G1ConcRefinementThreads                  = 10                                        {product} {ergonomic}
   size_t G1HeapRegionSize                         = 1048576                                   {product} {ergonomic}
    uintx GCDrainStackTargetSize                   = 64                                        {product} {ergonomic}
   size_t InitialHeapSize                          = 268435456                                 {product} {ergonomic}
   size_t MarkStackSize                            = 4194304                                   {product} {ergonomic}
   size_t MaxHeapSize                              = 4294967296                                {product} {ergonomic}
   size_t MaxNewSize                               = 2576351232                                {product} {ergonomic}
   size_t MinHeapDeltaBytes                        = 1048576                                   {product} {ergonomic}
   size_t MinHeapSize                              = 8388608                                   {product} {ergonomic}
    uintx NonNMethodCodeHeapSize                   = 5839372                                {pd product} {ergonomic}
    uintx NonProfiledCodeHeapSize                  = 122909434                              {pd product} {ergonomic}
    uintx ProfiledCodeHeapSize                     = 122909434                              {pd product} {ergonomic}
    uintx ReservedCodeCacheSize                    = 251658240                              {pd product} {ergonomic}
     bool SegmentedCodeCache                       = true                                      {product} {ergonomic}
   size_t SoftMaxHeapSize                          = 4294967296                             {manageable} {ergonomic}
     bool UseCompressedClassPointers               = true                                 {lp64_product} {ergonomic}
     bool UseCompressedOops                        = true                                 {lp64_product} {ergonomic}
     bool UseG1GC                                  = true                                      {product} {ergonomic}

Logging:
Log output configuration:
 #0: stdout all=warning uptime,level,tags
 #1: stderr all=off uptime,level,tags

Environment Variables:
PATH=/Users/paulamuldoon/.rbenv/shims:/Users/paulamuldoon/.nvm/versions/node/v12.16.1/bin:/usr/local/bin:/usr/bin:/bin:/usr/sbin:/sbin:/usr/local/MacGPG2/bin
SHELL=/bin/zsh

Signal Handlers:
SIGSEGV: [libjvm.dylib+0x7f0282], sa_mask[0]=11111111011111110111111111111111, sa_flags=SA_ONSTACK|SA_RESTART|SA_SIGINFO
SIGBUS: [libjvm.dylib+0x7f0282], sa_mask[0]=11111111011111110111111111111111, sa_flags=SA_RESTART|SA_SIGINFO
SIGFPE: [libjvm.dylib+0x7f0282], sa_mask[0]=11111111011111110111111111111111, sa_flags=SA_RESTART|SA_SIGINFO
SIGPIPE: [libjvm.dylib+0x6357e1], sa_mask[0]=11111111011111110111111111111111, sa_flags=SA_RESTART|SA_SIGINFO
SIGXFSZ: [libjvm.dylib+0x6357e1], sa_mask[0]=11111111011111110111111111111111, sa_flags=SA_RESTART|SA_SIGINFO
SIGILL: [libjvm.dylib+0x7f0282], sa_mask[0]=11111111011111110111111111111111, sa_flags=SA_RESTART|SA_SIGINFO
SIGUSR2: [libjvm.dylib+0x635db6], sa_mask[0]=00000000000000000000000000000000, sa_flags=SA_RESTART|SA_SIGINFO
SIGHUP: [libjvm.dylib+0x634daf], sa_mask[0]=11111111011111110111111111111111, sa_flags=SA_RESTART|SA_SIGINFO
SIGINT: SIG_IGN, sa_mask[0]=00000000000000000000000000000000, sa_flags=none
SIGTERM: [libjvm.dylib+0x634daf], sa_mask[0]=11111111011111110111111111111111, sa_flags=SA_RESTART|SA_SIGINFO
SIGQUIT: [libjvm.dylib+0x634daf], sa_mask[0]=11111111011111110111111111111111, sa_flags=SA_RESTART|SA_SIGINFO


---------------  S Y S T E M  ---------------

OS:uname:Darwin 19.6.0 Darwin Kernel Version 19.6.0: Sun Jul  5 00:43:10 PDT 2020; root:xnu-6153.141.1~9/RELEASE_X86_64 x86_64
rlimit: STACK 8192k, CORE 0k, NPROC 2784, NOFILE 10240, AS infinity, DATA infinity, FSIZE infinity
load average:2.96 1.93 2.01

CPU:total 12 (initial active 12) (6 cores per cpu, 2 threads per core) family 6 model 158 stepping 10, cmov, cx8, fxsr, mmx, sse, sse2, sse3, ssse3, sse4.1, sse4.2, popcnt, avx, avx2, aes, clmul, erms, 3dnowpref, lzcnt, ht, tsc, tscinvbit, bmi1, bmi2, adx, fma

Memory: 4k page, physical 16777216k(2031388k free), swap 2097152k(1241856k free)

vm_info: OpenJDK 64-Bit Server VM (13.0.2+8) for bsd-amd64 JRE (13.0.2+8), built on Feb  6 2020 02:07:52 by "brew" with clang 4.2.1 Compatible Apple LLVM 11.0.0 (clang-1100.0.33.17)

END.
